#
# A fatal error has been detected by the Java Runtime Environment:
#
#  EXCEPTION_ACCESS_VIOLATION (0xc0000005) at pc=0x0000000003353e4d, pid=11008, tid=0x0000000000000a2c
#
# JRE version: Java(TM) SE Runtime Environment (8.0_144-b01) (build 1.8.0_144-b01)
# Java VM: Java HotSpot(TM) 64-Bit Server VM (25.144-b01 mixed mode windows-amd64 compressed oops)
# Problematic frame:
# j  net.minecraft.server.v1_12_R1.BaseBlockPosition.equals(Ljava/lang/Object;)Z+22
#
# Failed to write core dump. Minidumps are not enabled by default on client versions of Windows
#
# If you would like to submit a bug report, please visit:
#   http://bugreport.java.com/bugreport/crash.jsp
#

---------------  T H R E A D  ---------------

Current thread (0x000000001a13f800):  JavaThread "Server thread" [_thread_in_Java, id=2604, stack(0x000000001c910000,0x000000001ca10000)]

siginfo: ExceptionCode=0xc0000005, reading address 0x00000001401dd8c0

Registers:
RAX=0x00000001401dd6b0, RBX=0x000000000000000b, RCX=0x00000000ff2eeba0, RDX=0x00000001001ddcf0
RSP=0x000000001ca0ec00, RBP=0x000000001ca0ec50, RSI=0x000000001a46ad78, RDI=0x0000000018253290
R8 =0x00000000018d6180, R9 =0x0000000000008000, R10=0x00000000753cf240, R11=0x000000001ca0ebc0
R12=0x0000000000000000, R13=0x00000000188aa64e, R14=0x000000001e98c140, R15=0x000000001a13f800
RIP=0x0000000003353e4d, EFLAGS=0x0000000000010202

Top of Stack: (sp=0x000000001ca0ec00)
0x000000001ca0ec00:   0000000003337da0 00000000ff2eeba0
0x000000001ca0ec10:   000000001ca0ec10 00000000188aa64e
0x000000001ca0ec20:   000000001ca0ec70 00000000188de260
0x000000001ca0ec30:   000000001e98c140 00000000188aa688
0x000000001ca0ec40:   0000000000000000 000000001ca0ec68
0x000000001ca0ec50:   000000001ca0ecb8 0000000003337b30
0x000000001ca0ec60:   00000000f4851648 0000000000000000
0x000000001ca0ec70:   00000000ff2eeba0 000000001ca0ec78
0x000000001ca0ec80:   00000000187be133 000000001ca0ecd0
0x000000001ca0ec90:   00000000187be4c0 00000000187bef90
0x000000001ca0eca0:   00000000187be168 000000001ca0ec68
0x000000001ca0ecb0:   000000001ca0ecc8 000000001ca0ed18
0x000000001ca0ecc0:   0000000003337b30 0000000000000000
0x000000001ca0ecd0:   0000000000000000 000000001ca0ecd8
0x000000001ca0ece0:   000000001886021d 000000001ca0ed58
0x000000001ca0ecf0:   000000001ac67080 00000000228dc388 

Instructions: (pc=0x0000000003353e4d)
0x0000000003353e2d:   01 49 83 5e 28 00 e9 0d 00 00 00 49 89 46 10 ba
0x0000000003353e3d:   01 00 00 00 49 89 56 18 49 83 c6 30 4c 89 75 e0
0x0000000003353e4d:   48 8b 9c d8 b8 01 00 00 48 8b 55 e0 48 85 d2 0f
0x0000000003353e5d:   84 2f 01 00 00 80 7a d0 0b 0f 85 25 01 00 00 48 


Register to memory mapping:

RAX=0x00000001401dd6b0 is an unknown value
RBX=0x000000000000000b is an unknown value
RCX=0x00000000ff2eeba0 is an oop

[error occurred during error reporting (printing register info), id 0xc0000005]

Stack: [0x000000001c910000,0x000000001ca10000],  sp=0x000000001ca0ec00,  free space=1019k
Native frames: (J=compiled Java code, j=interpreted, Vv=VM code, C=native code)
C  0x0000000003353e4d


---------------  P R O C E S S  ---------------

Java Threads: ( => current thread )
  0x0000000019b49800 JavaThread "pool-3-thread-16" [_thread_blocked, id=8768, stack(0x0000000028420000,0x0000000028520000)]
  0x0000000019b53000 JavaThread "Netty Server IO #3" daemon [_thread_in_native, id=5296, stack(0x0000000026e10000,0x0000000026f10000)]
  0x0000000019b4a800 JavaThread "Netty Server IO #2" daemon [_thread_in_native, id=12636, stack(0x0000000025d00000,0x0000000025e00000)]
  0x0000000019b4c000 JavaThread "pool-5-thread-1" [_thread_blocked, id=2176, stack(0x0000000024d00000,0x0000000024e00000)]
  0x0000000019354000 JavaThread "Chunk I/O Executor Thread-1" daemon [_thread_blocked, id=13048, stack(0x0000000024b00000,0x0000000024c00000)]
  0x0000000019355800 JavaThread "Netty Server IO #1" daemon [_thread_in_native, id=12516, stack(0x00000000236f0000,0x00000000237f0000)]
  0x0000000019350000 JavaThread "File IO Thread" [_thread_blocked, id=6288, stack(0x00000000227d0000,0x00000000228d0000)]
  0x0000000019356000 JavaThread "Server Watchdog" daemon [_thread_blocked, id=2848, stack(0x0000000021ed0000,0x0000000021fd0000)]
  0x0000000019353000 JavaThread "Thread-24" [_thread_blocked, id=6376, stack(0x0000000021dd0000,0x0000000021ed0000)]
  0x0000000019352800 JavaThread "Thread-25" daemon [_thread_in_native, id=4292, stack(0x0000000021cd0000,0x0000000021dd0000)]
  0x0000000019348800 JavaThread "Thread-22" [_thread_blocked, id=11856, stack(0x0000000021bd0000,0x0000000021cd0000)]
  0x000000001934f800 JavaThread "Thread-23" daemon [_thread_in_native, id=7816, stack(0x0000000021ad0000,0x0000000021bd0000)]
  0x000000001934e800 JavaThread "Thread-20" [_thread_blocked, id=10716, stack(0x00000000219d0000,0x0000000021ad0000)]
  0x000000001934e000 JavaThread "Thread-21" daemon [_thread_in_native, id=10120, stack(0x00000000218d0000,0x00000000219d0000)]
  0x000000001934a800 JavaThread "pool-6-thread-1" [_thread_blocked, id=6084, stack(0x0000000020f80000,0x0000000021080000)]
  0x0000000019349000 JavaThread "Timer-1" [_thread_blocked, id=4364, stack(0x0000000020c70000,0x0000000020d70000)]
  0x000000001934b800 JavaThread "Timer-0" daemon [_thread_blocked, id=4272, stack(0x000000001e370000,0x000000001e470000)]
  0x00000000182e0000 JavaThread "MStore ModificationPollerRemote" [_thread_blocked, id=3424, stack(0x000000001e270000,0x000000001e370000)]
  0x00000000182dc800 JavaThread "MStore ModificationPollerLocal" [_thread_blocked, id=9268, stack(0x000000001e170000,0x000000001e270000)]
  0x00000000182de000 JavaThread "Thread-13" [_thread_blocked, id=5716, stack(0x000000001de70000,0x000000001df70000)]
  0x00000000182df800 JavaThread "Thread-14" daemon [_thread_in_native, id=288, stack(0x000000001dd70000,0x000000001de70000)]
  0x00000000182db800 JavaThread "Thread-11" [_thread_blocked, id=8064, stack(0x000000001dc70000,0x000000001dd70000)]
  0x00000000182dd000 JavaThread "Thread-12" daemon [_thread_in_native, id=4316, stack(0x000000001db70000,0x000000001dc70000)]
  0x00000000182e2000 JavaThread "Thread-9" [_thread_blocked, id=12424, stack(0x000000001da70000,0x000000001db70000)]
  0x00000000182e1000 JavaThread "Thread-10" daemon [_thread_in_native, id=7084, stack(0x000000001d970000,0x000000001da70000)]
  0x00000000182e2800 JavaThread "Thread-7" [_thread_blocked, id=9800, stack(0x000000001d870000,0x000000001d970000)]
  0x00000000182de800 JavaThread "Thread-8" daemon [_thread_in_native, id=13024, stack(0x000000001d770000,0x000000001d870000)]
  0x000000001a7d3800 JavaThread "Netty Server IO #0" daemon [_thread_in_native, id=2024, stack(0x000000001cd10000,0x000000001ce10000)]
  0x000000001a53d000 JavaThread "ObjectCleanerThread" daemon [_thread_blocked, id=11816, stack(0x000000001cc10000,0x000000001cd10000)]
  0x000000001a368000 JavaThread "Server console handler" daemon [_thread_in_native, id=12220, stack(0x000000001cb10000,0x000000001cc10000)]
  0x0000000018f1a000 JavaThread "Thread-4" [_thread_blocked, id=3088, stack(0x000000001ca10000,0x000000001cb10000)]
  0x0000000003230800 JavaThread "DestroyJavaVM" [_thread_blocked, id=7468, stack(0x0000000003130000,0x0000000003230000)]
=>0x000000001a13f800 JavaThread "Server thread" [_thread_in_Java, id=2604, stack(0x000000001c910000,0x000000001ca10000)]
  0x00000000194ae000 JavaThread "Server Infinisleeper" daemon [_thread_blocked, id=964, stack(0x000000001c810000,0x000000001c910000)]
  0x00000000194ad800 JavaThread "NonBlockingInputStreamThread" daemon [_thread_blocked, id=6500, stack(0x000000001c710000,0x000000001c810000)]
  0x000000001a519000 JavaThread "Snooper Timer" daemon [_thread_blocked, id=7956, stack(0x000000001aa30000,0x000000001ab30000)]
  0x000000001737e000 JavaThread "Service Thread" daemon [_thread_blocked, id=1768, stack(0x0000000017750000,0x0000000017850000)]
  0x0000000015a05000 JavaThread "C1 CompilerThread2" daemon [_thread_blocked, id=6076, stack(0x0000000017250000,0x0000000017350000)]
  0x0000000015a02000 JavaThread "C2 CompilerThread1" daemon [_thread_blocked, id=7444, stack(0x0000000017150000,0x0000000017250000)]
  0x00000000159fd000 JavaThread "C2 CompilerThread0" daemon [_thread_blocked, id=3292, stack(0x0000000017050000,0x0000000017150000)]
  0x00000000159fa800 JavaThread "Attach Listener" daemon [_thread_blocked, id=2512, stack(0x0000000016f50000,0x0000000017050000)]
  0x00000000159f9800 JavaThread "Signal Dispatcher" daemon [_thread_blocked, id=8996, stack(0x0000000016e50000,0x0000000016f50000)]
  0x00000000159ea000 JavaThread "Finalizer" daemon [_thread_blocked, id=4904, stack(0x0000000016c60000,0x0000000016d60000)]
  0x000000000331f000 JavaThread "Reference Handler" daemon [_thread_blocked, id=13100, stack(0x0000000016b60000,0x0000000016c60000)]

Other Threads:
  0x00000000159c7800 VMThread [stack: 0x0000000016a60000,0x0000000016b60000] [id=4912]
  0x00000000173b1800 WatcherThread [stack: 0x0000000017850000,0x0000000017950000] [id=1156]

VM state:not at safepoint (normal execution)

VM Mutex/Monitor currently owned by a thread: None

Heap:
 PSYoungGen      total 334336K, used 176910K [0x00000000eab00000, 0x0000000100000000, 0x0000000100000000)
  eden space 319488K, 51% used [0x00000000eab00000,0x00000000f4d241c8,0x00000000fe300000)
  from space 14848K, 73% used [0x00000000ff180000,0x00000000ffc1f978,0x0000000100000000)
  to   space 14848K, 0% used [0x00000000fe300000,0x00000000fe300000,0x00000000ff180000)
 ParOldGen       total 699392K, used 682386K [0x00000000c0000000, 0x00000000eab00000, 0x00000000eab00000)
  object space 699392K, 97% used [0x00000000c0000000,0x00000000e9a64968,0x00000000eab00000)
 Metaspace       used 61340K, capacity 62544K, committed 62592K, reserved 1103872K
  class space    used 8238K, capacity 8530K, committed 8576K, reserved 1048576K

Card table byte_map: [0x00000000126f0000,0x0000000012900000] byte_map_base: 0x00000000120f0000

Marking Bits: (ParMarkBitMap*) 0x00000000753ed850
 Begin Bits: [0x0000000012e60000, 0x0000000013e60000)
 End Bits:   [0x0000000013e60000, 0x0000000014e60000)

Polling page: 0x0000000000ff0000

CodeCache: size=245760Kb used=34887Kb max_used=36243Kb free=210872Kb
 bounds [0x0000000003330000, 0x00000000056f0000, 0x0000000012330000]
 total_blobs=10338 nmethods=9607 adapters=638
 compilation: enabled

Compilation events (10 events):
Event: 3523.952 Thread 0x0000000015a05000 14868       1       net.minecraft.server.v1_12_R1.BlockDoubleStep::a (4 bytes)
Event: 3523.952 Thread 0x0000000015a05000 nmethod 14868 0x00000000055048d0 code [0x0000000005504a20, 0x0000000005504b30]
Event: 3543.307 Thread 0x0000000015a05000 14869       3       net.minecraft.server.v1_12_R1.TileEntity::invalidateBlockCache (11 bytes)
Event: 3543.307 Thread 0x0000000015a05000 nmethod 14869 0x0000000005548f90 code [0x00000000055490e0, 0x0000000005549250]
Event: 3552.400 Thread 0x0000000015a05000 14870       3       com.massivecraft.massivecore.xlib.gson.internal.$Gson$Types$ParameterizedTypeImpl::getActualTypeArguments (11 bytes)
Event: 3552.401 Thread 0x0000000015a05000 nmethod 14870 0x0000000004796950 code [0x0000000004796ac0, 0x0000000004796de8]
Event: 3566.254 Thread 0x0000000015a05000 14871       3       java.util.concurrent.atomic.AtomicLong::getAndIncrement (12 bytes)
Event: 3566.254 Thread 0x0000000015a05000 nmethod 14871 0x00000000044d9490 code [0x00000000044d95e0, 0x00000000044d9750]
Event: 3572.752 Thread 0x0000000015a05000 14872       3       com.sk89q.worldedit.function.visitor.RegionVisitor::resume (57 bytes)
Event: 3572.753 Thread 0x0000000015a05000 nmethod 14872 0x0000000003a23c10 code [0x0000000003a23dc0, 0x0000000003a243f8]

GC Heap History (10 events):
Event: 3558.036 GC heap before
{Heap before GC invocations=1023 (full 3):
 PSYoungGen      total 332800K, used 326622K [0x00000000eab00000, 0x0000000100000000, 0x0000000100000000)
  eden space 316928K, 100% used [0x00000000eab00000,0x00000000fe080000,0x00000000fe080000)
  from space 15872K, 61% used [0x00000000fe080000,0x00000000fe9f7978,0x00000000ff000000)
  to   space 15360K, 0% used [0x00000000ff100000,0x00000000ff100000,0x0000000100000000)
 ParOldGen       total 699392K, used 681666K [0x00000000c0000000, 0x00000000eab00000, 0x00000000eab00000)
  object space 699392K, 97% used [0x00000000c0000000,0x00000000e99b0968,0x00000000eab00000)
 Metaspace       used 61339K, capacity 62544K, committed 62592K, reserved 1103872K
  class space    used 8238K, capacity 8530K, committed 8576K, reserved 1048576K
Event: 3558.043 GC heap after
Heap after GC invocations=1023 (full 3):
 PSYoungGen      total 334336K, used 9726K [0x00000000eab00000, 0x0000000100000000, 0x0000000100000000)
  eden space 318976K, 0% used [0x00000000eab00000,0x00000000eab00000,0x00000000fe280000)
  from space 15360K, 63% used [0x00000000ff100000,0x00000000ffa7f978,0x0000000100000000)
  to   space 14848K, 0% used [0x00000000fe280000,0x00000000fe280000,0x00000000ff100000)
 ParOldGen       total 699392K, used 681762K [0x00000000c0000000, 0x00000000eab00000, 0x00000000eab00000)
  object space 699392K, 97% used [0x00000000c0000000,0x00000000e99c8968,0x00000000eab00000)
 Metaspace       used 61339K, capacity 62544K, committed 62592K, reserved 1103872K
  class space    used 8238K, capacity 8530K, committed 8576K, reserved 1048576K
}
Event: 3561.660 GC heap before
{Heap before GC invocations=1024 (full 3):
 PSYoungGen      total 334336K, used 328702K [0x00000000eab00000, 0x0000000100000000, 0x0000000100000000)
  eden space 318976K, 100% used [0x00000000eab00000,0x00000000fe280000,0x00000000fe280000)
  from space 15360K, 63% used [0x00000000ff100000,0x00000000ffa7f978,0x0000000100000000)
  to   space 14848K, 0% used [0x00000000fe280000,0x00000000fe280000,0x00000000ff100000)
 ParOldGen       total 699392K, used 681762K [0x00000000c0000000, 0x00000000eab00000, 0x00000000eab00000)
  object space 699392K, 97% used [0x00000000c0000000,0x00000000e99c8968,0x00000000eab00000)
 Metaspace       used 61339K, capacity 62544K, committed 62592K, reserved 1103872K
  class space    used 8238K, capacity 8530K, committed 8576K, reserved 1048576K
Event: 3561.671 GC heap after
Heap after GC invocations=1024 (full 3):
 PSYoungGen      total 333824K, used 9790K [0x00000000eab00000, 0x0000000100000000, 0x0000000100000000)
  eden space 318976K, 0% used [0x00000000eab00000,0x00000000eab00000,0x00000000fe280000)
  from space 14848K, 65% used [0x00000000fe280000,0x00000000fec0f978,0x00000000ff100000)
  to   space 14848K, 0% used [0x00000000ff180000,0x00000000ff180000,0x0000000100000000)
 ParOldGen       total 699392K, used 681922K [0x00000000c0000000, 0x00000000eab00000, 0x00000000eab00000)
  object space 699392K, 97% used [0x00000000c0000000,0x00000000e99f0968,0x00000000eab00000)
 Metaspace       used 61339K, capacity 62544K, committed 62592K, reserved 1103872K
  class space    used 8238K, capacity 8530K, committed 8576K, reserved 1048576K
}
Event: 3564.816 GC heap before
{Heap before GC invocations=1025 (full 3):
 PSYoungGen      total 333824K, used 328766K [0x00000000eab00000, 0x0000000100000000, 0x0000000100000000)
  eden space 318976K, 100% used [0x00000000eab00000,0x00000000fe280000,0x00000000fe280000)
  from space 14848K, 65% used [0x00000000fe280000,0x00000000fec0f978,0x00000000ff100000)
  to   space 14848K, 0% used [0x00000000ff180000,0x00000000ff180000,0x0000000100000000)
 ParOldGen       total 699392K, used 681922K [0x00000000c0000000, 0x00000000eab00000, 0x00000000eab00000)
  object space 699392K, 97% used [0x00000000c0000000,0x00000000e99f0968,0x00000000eab00000)
 Metaspace       used 61339K, capacity 62544K, committed 62592K, reserved 1103872K
  class space    used 8238K, capacity 8530K, committed 8576K, reserved 1048576K
Event: 3564.824 GC heap after
Heap after GC invocations=1025 (full 3):
 PSYoungGen      total 334336K, used 12448K [0x00000000eab00000, 0x0000000100000000, 0x0000000100000000)
  eden space 319488K, 0% used [0x00000000eab00000,0x00000000eab00000,0x00000000fe300000)
  from space 14848K, 83% used [0x00000000ff180000,0x00000000ffda8000,0x0000000100000000)
  to   space 14848K, 0% used [0x00000000fe300000,0x00000000fe300000,0x00000000ff180000)
 ParOldGen       total 699392K, used 682018K [0x00000000c0000000, 0x00000000eab00000, 0x00000000eab00000)
  object space 699392K, 97% used [0x00000000c0000000,0x00000000e9a08968,0x00000000eab00000)
 Metaspace       used 61339K, capacity 62544K, committed 62592K, reserved 1103872K
  class space    used 8238K, capacity 8530K, committed 8576K, reserved 1048576K
}
Event: 3568.161 GC heap before
{Heap before GC invocations=1026 (full 3):
 PSYoungGen      total 334336K, used 331936K [0x00000000eab00000, 0x0000000100000000, 0x0000000100000000)
  eden space 319488K, 100% used [0x00000000eab00000,0x00000000fe300000,0x00000000fe300000)
  from space 14848K, 83% used [0x00000000ff180000,0x00000000ffda8000,0x0000000100000000)
  to   space 14848K, 0% used [0x00000000fe300000,0x00000000fe300000,0x00000000ff180000)
 ParOldGen       total 699392K, used 682018K [0x00000000c0000000, 0x00000000eab00000, 0x00000000eab00000)
  object space 699392K, 97% used [0x00000000c0000000,0x00000000e9a08968,0x00000000eab00000)
 Metaspace       used 61339K, capacity 62544K, committed 62592K, reserved 1103872K
  class space    used 8238K, capacity 8530K, committed 8576K, reserved 1048576K
Event: 3568.169 GC heap after
Heap after GC invocations=1026 (full 3):
 PSYoungGen      total 334336K, used 11168K [0x00000000eab00000, 0x0000000100000000, 0x0000000100000000)
  eden space 319488K, 0% used [0x00000000eab00000,0x00000000eab00000,0x00000000fe300000)
  from space 14848K, 75% used [0x00000000fe300000,0x00000000fede8000,0x00000000ff180000)
  to   space 14848K, 0% used [0x00000000ff180000,0x00000000ff180000,0x0000000100000000)
 ParOldGen       total 699392K, used 682202K [0x00000000c0000000, 0x00000000eab00000, 0x00000000eab00000)
  object space 699392K, 97% used [0x00000000c0000000,0x00000000e9a36968,0x00000000eab00000)
 Metaspace       used 61339K, capacity 62544K, committed 62592K, reserved 1103872K
  class space    used 8238K, capacity 8530K, committed 8576K, reserved 1048576K
}
Event: 3571.478 GC heap before
{Heap before GC invocations=1027 (full 3):
 PSYoungGen      total 334336K, used 330656K [0x00000000eab00000, 0x0000000100000000, 0x0000000100000000)
  eden space 319488K, 100% used [0x00000000eab00000,0x00000000fe300000,0x00000000fe300000)
  from space 14848K, 75% used [0x00000000fe300000,0x00000000fede8000,0x00000000ff180000)
  to   space 14848K, 0% used [0x00000000ff180000,0x00000000ff180000,0x0000000100000000)
 ParOldGen       total 699392K, used 682202K [0x00000000c0000000, 0x00000000eab00000, 0x00000000eab00000)
  object space 699392K, 97% used [0x00000000c0000000,0x00000000e9a36968,0x00000000eab00000)
 Metaspace       used 61339K, capacity 62544K, committed 62592K, reserved 1103872K
  class space    used 8238K, capacity 8530K, committed 8576K, reserved 1048576K
Event: 3571.487 GC heap after
Heap after GC invocations=1027 (full 3):
 PSYoungGen      total 334336K, used 10878K [0x00000000eab00000, 0x0000000100000000, 0x0000000100000000)
  eden space 319488K, 0% used [0x00000000eab00000,0x00000000eab00000,0x00000000fe300000)
  from space 14848K, 73% used [0x00000000ff180000,0x00000000ffc1f978,0x0000000100000000)
  to   space 14848K, 0% used [0x00000000fe300000,0x00000000fe300000,0x00000000ff180000)
 ParOldGen       total 699392K, used 682386K [0x00000000c0000000, 0x00000000eab00000, 0x00000000eab00000)
  object space 699392K, 97% used [0x00000000c0000000,0x00000000e9a64968,0x00000000eab00000)
 Metaspace       used 61339K, capacity 62544K, committed 62592K, reserved 1103872K
  class space    used 8238K, capacity 8530K, committed 8576K, reserved 1048576K
}

Deoptimization events (10 events):
Event: 3141.650 Thread 0x000000001a13f800 Uncommon trap: reason=unstable_if action=reinterpret pc=0x00000000038f41b8 method=net.minecraft.server.v1_12_R1.PlayerChunk.d()V @ 314
Event: 3406.006 Thread 0x000000001a13f800 Uncommon trap: reason=unstable_if action=reinterpret pc=0x00000000054cdcd8 method=net.minecraft.server.v1_12_R1.World.rayTrace(Lnet/minecraft/server/v1_12_R1/Vec3D;Lnet/minecraft/server/v1_12_R1/Vec3D;ZZZ)Lnet/minecraft/server/v1_12_R1/MovingObjectPositio
Event: 3435.569 Thread 0x000000001a13f800 Uncommon trap: reason=unstable_if action=reinterpret pc=0x0000000004eab7bc method=net.minecraft.server.v1_12_R1.EntitySkeletonAbstract.n()V @ 92
Event: 3436.071 Thread 0x000000001a13f800 Uncommon trap: reason=unstable_if action=reinterpret pc=0x0000000003a9252c method=net.minecraft.server.v1_12_R1.Entity.isBurning()Z @ 34
Event: 3436.122 Thread 0x000000001a13f800 Uncommon trap: reason=unstable_if action=reinterpret pc=0x000000000456c234 method=net.minecraft.server.v1_12_R1.Entity.isBurning()Z @ 34
Event: 3436.521 Thread 0x000000001a13f800 Uncommon trap: reason=bimorphic action=maybe_recompile pc=0x0000000003eaa744 method=net.minecraft.server.v1_12_R1.Navigation.b(Lnet/minecraft/server/v1_12_R1/BlockPosition;)Lnet/minecraft/server/v1_12_R1/PathEntity; @ 130
Event: 3440.420 Thread 0x000000001a13f800 Uncommon trap: reason=bimorphic action=maybe_recompile pc=0x0000000003eaa744 method=net.minecraft.server.v1_12_R1.Navigation.b(Lnet/minecraft/server/v1_12_R1/BlockPosition;)Lnet/minecraft/server/v1_12_R1/PathEntity; @ 130
Event: 3453.970 Thread 0x000000001a13f800 Uncommon trap: reason=unstable_if action=reinterpret pc=0x0000000004b49088 method=com.google.common.cache.LocalCache$Segment.getEntry(Ljava/lang/Object;I)Lcom/google/common/cache/LocalCache$ReferenceEntry; @ 17
Event: 3460.774 Thread 0x000000001a13f800 Uncommon trap: reason=unstable_if action=reinterpret pc=0x0000000005307528 method=net.minecraft.server.v1_12_R1.Entity.move(Lnet/minecraft/server/v1_12_R1/EnumMoveType;DDD)V @ 2763
Event: 3573.276 Thread 0x000000001a13f800 Uncommon trap: reason=bimorphic action=maybe_recompile pc=0x000000000555463c method=net.minecraft.server.v1_12_R1.BaseBlockPosition.equals(Ljava/lang/Object;)Z @ 22

Internal exceptions (10 events):
Event: 2734.427 Thread 0x0000000019b50800 Exception <a 'java/net/ConnectException': Connection timed out: connect> (0x00000000f2a66178) thrown at [C:\re\workspace\8-2-build-windows-amd64-cygwin\jdk8u144\9417\hotspot\src\share\vm\prims\jni.cpp, line 735]
Event: 2967.284 Thread 0x000000001a13f800 Exception <a 'java/lang/NullPointerException'> (0x00000000f3e25dc0) thrown at [C:\re\workspace\8-2-build-windows-amd64-cygwin\jdk8u144\9417\hotspot\src\share\vm\interpreter\linkResolver.cpp, line 1197]
Event: 2967.600 Thread 0x000000001a13f800 Implicit null exception at 0x00000000046a2e8f to 0x00000000046a3929
Event: 2967.717 Thread 0x0000000019b4a800 Implicit null exception at 0x0000000003868809 to 0x000000000386892d
Event: 2967.717 Thread 0x0000000019b4a800 Implicit null exception at 0x0000000004b44d1e to 0x0000000004b44ffd
Event: 2967.721 Thread 0x0000000019b4a800 Implicit null exception at 0x0000000004c8d186 to 0x0000000004c8dbe5
Event: 2969.111 Thread 0x0000000019b53000 Implicit null exception at 0x0000000004863fe1 to 0x00000000048640cd
Event: 2969.113 Thread 0x0000000019b53000 Implicit null exception at 0x0000000004c8fb2b to 0x0000000004c906f1
Event: 2969.664 Thread 0x000000001a13f800 Implicit null exception at 0x00000000051b4c04 to 0x00000000051ba8e5
Event: 2969.834 Thread 0x000000001a13f800 Exception <a 'java/lang/NullPointerException'> (0x00000000eec86a10) thrown at [C:\re\workspace\8-2-build-windows-amd64-cygwin\jdk8u144\9417\hotspot\src\share\vm\interpreter\linkResolver.cpp, line 1197]

Events (10 events):
Event: 3564.824 Executing VM operation: ParallelGCFailedAllocation done
Event: 3566.254 Thread 0x0000000015a05000 flushing nmethod 0x0000000004742710
Event: 3568.161 Executing VM operation: ParallelGCFailedAllocation
Event: 3568.169 Executing VM operation: ParallelGCFailedAllocation done
Event: 3571.478 Executing VM operation: ParallelGCFailedAllocation
Event: 3571.487 Executing VM operation: ParallelGCFailedAllocation done
Event: 3572.753 Thread 0x0000000015a05000 flushing nmethod 0x0000000004b56f50
Event: 3573.276 Thread 0x000000001a13f800 Uncommon trap: trap_request=0xffffffc6 fr.pc=0x000000000555463c
Event: 3573.276 Thread 0x000000001a13f800 DEOPT PACKING pc=0x000000000555463c sp=0x000000001ca0ecf0
Event: 3573.276 Thread 0x000000001a13f800 DEOPT UNPACKING pc=0x000000000337582a sp=0x000000001ca0ebd8 mode 2


Dynamic libraries:
0x00007ff76f810000 - 0x00007ff76f847000 	C:\ProgramData\Oracle\Java\javapath\java.exe
0x00007ffa503b0000 - 0x00007ffa50591000 	C:\WINDOWS\SYSTEM32\ntdll.dll
0x00007ffa4daa0000 - 0x00007ffa4db52000 	C:\WINDOWS\System32\KERNEL32.DLL
0x00007ffa4d300000 - 0x00007ffa4d573000 	C:\WINDOWS\System32\KERNELBASE.dll
0x00007ffa4ffe0000 - 0x00007ffa50081000 	C:\WINDOWS\System32\ADVAPI32.dll
0x00007ffa4db60000 - 0x00007ffa4dbfe000 	C:\WINDOWS\System32\msvcrt.dll
0x00007ffa4e0a0000 - 0x00007ffa4e0fb000 	C:\WINDOWS\System32\sechost.dll
0x00007ffa4f640000 - 0x00007ffa4f764000 	C:\WINDOWS\System32\RPCRT4.dll
0x00007ffa50090000 - 0x00007ffa50220000 	C:\WINDOWS\System32\USER32.dll
0x00007ffa4ca20000 - 0x00007ffa4ca40000 	C:\WINDOWS\System32\win32u.dll
0x00007ffa4dc70000 - 0x00007ffa4dc98000 	C:\WINDOWS\System32\GDI32.dll
0x00007ffa4c880000 - 0x00007ffa4ca12000 	C:\WINDOWS\System32\gdi32full.dll
0x00007ffa4cb50000 - 0x00007ffa4cbef000 	C:\WINDOWS\System32\msvcp_win.dll
0x00007ffa4c780000 - 0x00007ffa4c87a000 	C:\WINDOWS\System32\ucrtbase.dll
0x00007ffa3f940000 - 0x00007ffa3fba9000 	C:\WINDOWS\WinSxS\amd64_microsoft.windows.common-controls_6595b64144ccf1df_6.0.17134.165_none_fb429645306569ac\COMCTL32.dll
0x00007ffa4fc40000 - 0x00007ffa4ff63000 	C:\WINDOWS\System32\combase.dll
0x00007ffa4d7c0000 - 0x00007ffa4d83a000 	C:\WINDOWS\System32\bcryptPrimitives.dll
0x00007ffa4dd90000 - 0x00007ffa4ddbd000 	C:\WINDOWS\System32\IMM32.DLL
0x0000000075470000 - 0x0000000075542000 	C:\Program Files\Java\jre1.8.0_144\bin\msvcr100.dll
0x0000000074bd0000 - 0x000000007546d000 	C:\Program Files\Java\jre1.8.0_144\bin\server\jvm.dll
0x00007ffa4de70000 - 0x00007ffa4de78000 	C:\WINDOWS\System32\PSAPI.DLL
0x00007ffa3c350000 - 0x00007ffa3c359000 	C:\WINDOWS\SYSTEM32\WSOCK32.dll
0x00007ffa46b20000 - 0x00007ffa46b2a000 	C:\WINDOWS\SYSTEM32\VERSION.dll
0x00007ffa4ff70000 - 0x00007ffa4ffdc000 	C:\WINDOWS\System32\WS2_32.dll
0x00007ffa49fb0000 - 0x00007ffa49fd3000 	C:\WINDOWS\SYSTEM32\WINMM.dll
0x00007ffa49ea0000 - 0x00007ffa49eca000 	C:\WINDOWS\SYSTEM32\WINMMBASE.dll
0x00007ffa4d770000 - 0x00007ffa4d7b9000 	C:\WINDOWS\System32\cfgmgr32.dll
0x0000000074bc0000 - 0x0000000074bcf000 	C:\Program Files\Java\jre1.8.0_144\bin\verify.dll
0x0000000074b90000 - 0x0000000074bb9000 	C:\Program Files\Java\jre1.8.0_144\bin\java.dll
0x0000000074b70000 - 0x0000000074b86000 	C:\Program Files\Java\jre1.8.0_144\bin\zip.dll
0x00007ffa4e120000 - 0x00007ffa4f560000 	C:\WINDOWS\System32\SHELL32.dll
0x00007ffa4ddc0000 - 0x00007ffa4de69000 	C:\WINDOWS\System32\shcore.dll
0x00007ffa4cbf0000 - 0x00007ffa4d2fd000 	C:\WINDOWS\System32\windows.storage.dll
0x00007ffa4dc00000 - 0x00007ffa4dc51000 	C:\WINDOWS\System32\shlwapi.dll
0x00007ffa4c760000 - 0x00007ffa4c771000 	C:\WINDOWS\System32\kernel.appcore.dll
0x00007ffa4c720000 - 0x00007ffa4c73f000 	C:\WINDOWS\System32\profapi.dll
0x00007ffa4c6d0000 - 0x00007ffa4c71c000 	C:\WINDOWS\System32\powrprof.dll
0x00007ffa4c6c0000 - 0x00007ffa4c6ca000 	C:\WINDOWS\System32\FLTLIB.DLL
0x00007ffa4c380000 - 0x00007ffa4c397000 	C:\WINDOWS\SYSTEM32\CRYPTSP.dll
0x00007ffa4b760000 - 0x00007ffa4b793000 	C:\WINDOWS\system32\rsaenh.dll
0x00007ffa4bff0000 - 0x00007ffa4c015000 	C:\WINDOWS\SYSTEM32\bcrypt.dll
0x00007ffa4c5f0000 - 0x00007ffa4c618000 	C:\WINDOWS\SYSTEM32\USERENV.dll
0x00007ffa4bd30000 - 0x00007ffa4bd3b000 	C:\WINDOWS\SYSTEM32\CRYPTBASE.dll
0x0000000074b50000 - 0x0000000074b6a000 	C:\Program Files\Java\jre1.8.0_144\bin\net.dll
0x00007ffa4bb80000 - 0x00007ffa4bbe6000 	C:\WINDOWS\system32\mswsock.dll
0x00007ffa4b900000 - 0x00007ffa4b938000 	C:\WINDOWS\SYSTEM32\IPHLPAPI.DLL
0x00007ffa4dc60000 - 0x00007ffa4dc68000 	C:\WINDOWS\System32\NSI.dll
0x00007ffa44fa0000 - 0x00007ffa44fb6000 	C:\WINDOWS\SYSTEM32\dhcpcsvc6.DLL
0x00007ffa44f80000 - 0x00007ffa44f9a000 	C:\WINDOWS\SYSTEM32\dhcpcsvc.DLL
0x0000000074b30000 - 0x0000000074b41000 	C:\Program Files\Java\jre1.8.0_144\bin\nio.dll
0x00007ffa47080000 - 0x00007ffa4708a000 	C:\Users\User 001\AppData\Local\Temp\jansi-64-git-Bukkit-fbe3046-5659180442364630748.dll
0x0000000074b20000 - 0x0000000074b2d000 	C:\Program Files\Java\jre1.8.0_144\bin\management.dll
0x00007ffa34b50000 - 0x00007ffa34b66000 	C:\WINDOWS\system32\napinsp.dll
0x00007ffa34800000 - 0x00007ffa3481a000 	C:\WINDOWS\system32\pnrpnsp.dll
0x00007ffa48740000 - 0x00007ffa48759000 	C:\WINDOWS\system32\NLAapi.dll
0x00007ffa4b940000 - 0x00007ffa4b9fe000 	C:\WINDOWS\SYSTEM32\DNSAPI.dll
0x00007ffa35190000 - 0x00007ffa3519e000 	C:\WINDOWS\System32\winrnr.dll
0x00007ffa44fc0000 - 0x00007ffa44fd5000 	C:\WINDOWS\System32\wshbth.dll
0x00007ffa41510000 - 0x00007ffa4151a000 	C:\Windows\System32\rasadhlp.dll
0x00007ffa41900000 - 0x00007ffa41972000 	C:\WINDOWS\System32\fwpuclnt.dll
0x0000000071c60000 - 0x0000000071c84000 	C:\Program Files\Java\jre1.8.0_144\bin\sunec.dll
0x0000000071c50000 - 0x0000000071c5b000 	C:\Program Files\Java\jre1.8.0_144\bin\sunmscapi.dll
0x00007ffa4d580000 - 0x00007ffa4d762000 	C:\WINDOWS\System32\CRYPT32.dll
0x00007ffa4c740000 - 0x00007ffa4c752000 	C:\WINDOWS\System32\MSASN1.dll
0x00007ffa4c1b0000 - 0x00007ffa4c379000 	C:\WINDOWS\SYSTEM32\dbghelp.dll

VM Arguments:
jvm_args: -Xmx1024M -Xms1024M 
java_command: server.jar nogui
java_class_path (initial): server.jar
Launcher Type: SUN_STANDARD

Environment Variables:
PATH=C:\Program Files (x86)\NVIDIA Corporation\PhysX\Common;C:\ProgramData\Oracle\Java\javapath;C:\Program Files (x86)\Common Files\Intel\Shared Libraries\redist\intel64\compiler;C:\WINDOWS\system32;C:\WINDOWS;C:\WINDOWS\System32\Wbem;C:\WINDOWS\System32\WindowsPowerShell\v1.0\;C:\Program Files\Git\cmd;C:\Program Files\Git\mingw64\bin;C:\Program Files\Git\usr\bin;C:\WINDOWS\system32;C:\WINDOWS;C:\WINDOWS\System32\Wbem;C:\WINDOWS\System32\WindowsPowerShell\v1.0\;C:\Program Files\nodejs\;C:\WINDOWS\System32\OpenSSH\;C:\Ruby25-x64\bin;C:\Ruby24-x64\bin;C:\Users\User 001\AppData\Local\Microsoft\WindowsApps;;C:\Program Files\Microsoft VS Code\bin;C:\Users\User 001\AppData\Roaming\npm
USERNAME=User 001
OS=Windows_NT
PROCESSOR_IDENTIFIER=Intel64 Family 6 Model 94 Stepping 3, GenuineIntel



---------------  S Y S T E M  ---------------

OS: Windows 10.0 , 64 bit Build 17134 (10.0.17134.1)

CPU:total 4 (initial active 4) (4 cores per cpu, 1 threads per core) family 6 model 94 stepping 3, cmov, cx8, fxsr, mmx, sse, sse2, sse3, ssse3, sse4.1, sse4.2, popcnt, avx, avx2, aes, clmul, erms, rtm, 3dnowpref, lzcnt, tsc, tscinvbit, bmi1, bmi2, adx

Memory: 4k page, physical 8302668k(2246904k free), swap 12520704k(2841704k free)

vm_info: Java HotSpot(TM) 64-Bit Server VM (25.144-b01) for windows-amd64 JRE (1.8.0_144-b01), built on Jul 21 2017 21:57:33 by "java_re" with MS VC++ 10.0 (VS2010)

time: Mon Jul 30 12:06:14 2018
elapsed time: 3573 seconds (0d 0h 59m 33s)

