[11:51:43] [main/WARN]: Ambiguity between arguments [teleport, destination] and [teleport, targets] with inputs: [Player, 0123, @e, dd12be42-52a9-4a91-a8a1-11c01849e498]
[11:51:43] [main/WARN]: Ambiguity between arguments [teleport, location] and [teleport, destination] with inputs: [0.1 -0.5 .9, 0 0 0]
[11:51:43] [main/WARN]: Ambiguity between arguments [teleport, location] and [teleport, targets] with inputs: [0.1 -0.5 .9, 0 0 0]
[11:51:43] [main/WARN]: Ambiguity between arguments [teleport, targets] and [teleport, destination] with inputs: [Player, 0123, dd12be42-52a9-4a91-a8a1-11c01849e498]
[11:51:43] [main/WARN]: Ambiguity between arguments [teleport, targets, location] and [teleport, targets, destination] with inputs: [0.1 -0.5 .9, 0 0 0]
[11:51:43] [main/INFO]: Loaded 0 recipes
[11:51:43] [Server thread/INFO]: Starting minecraft server version 1.13
[11:51:43] [Server thread/INFO]: Loading properties
[11:51:43] [Server thread/INFO]: Default game type: SURVIVAL
[11:51:43] [Server thread/INFO]: Generating keypair
[11:51:43] [Server thread/INFO]: Starting Minecraft server on *:25565
[11:51:43] [Server thread/INFO]: Using default channel type
[11:51:44] [Server thread/INFO]: This server is running CraftBukkit version git-Bukkit-1c7adf7 (MC: 1.13) (Implementing API version 1.13-R0.1-SNAPSHOT)
[11:51:44] [Server thread/WARN]: Failed to load white-list: 
com.google.gson.JsonParseException: com.google.gson.stream.MalformedJsonException: Use JsonReader.setLenient(true) to accept malformed JSON at line 1 column 1 path $
	at net.minecraft.server.v1_13_R1.ChatDeserializer.a(SourceFile:507) ~[server.jar:git-Bukkit-1c7adf7]
	at net.minecraft.server.v1_13_R1.ChatDeserializer.a(SourceFile:523) ~[server.jar:git-Bukkit-1c7adf7]
	at net.minecraft.server.v1_13_R1.JsonList.load(JsonList.java:179) ~[server.jar:git-Bukkit-1c7adf7]
	at net.minecraft.server.v1_13_R1.DedicatedPlayerList.E(SourceFile:123) [server.jar:git-Bukkit-1c7adf7]
	at net.minecraft.server.v1_13_R1.DedicatedPlayerList.<init>(SourceFile:30) [server.jar:git-Bukkit-1c7adf7]
	at net.minecraft.server.v1_13_R1.DedicatedServer.init(DedicatedServer.java:195) [server.jar:git-Bukkit-1c7adf7]
	at net.minecraft.server.v1_13_R1.MinecraftServer.run(MinecraftServer.java:664) [server.jar:git-Bukkit-1c7adf7]
	at java.lang.Thread.run(Unknown Source) [?:1.8.0_144]
Caused by: com.google.gson.stream.MalformedJsonException: Use JsonReader.setLenient(true) to accept malformed JSON at line 1 column 1 path $
	at com.google.gson.stream.JsonReader.syntaxError(JsonReader.java:1559) ~[server.jar:git-Bukkit-1c7adf7]
	at com.google.gson.stream.JsonReader.checkLenient(JsonReader.java:1401) ~[server.jar:git-Bukkit-1c7adf7]
	at com.google.gson.stream.JsonReader.doPeek(JsonReader.java:593) ~[server.jar:git-Bukkit-1c7adf7]
	at com.google.gson.stream.JsonReader.peek(JsonReader.java:425) ~[server.jar:git-Bukkit-1c7adf7]
	at com.google.gson.internal.bind.CollectionTypeAdapterFactory$Adapter.read(CollectionTypeAdapterFactory.java:74) ~[server.jar:git-Bukkit-1c7adf7]
	at com.google.gson.internal.bind.CollectionTypeAdapterFactory$Adapter.read(CollectionTypeAdapterFactory.java:61) ~[server.jar:git-Bukkit-1c7adf7]
	at net.minecraft.server.v1_13_R1.ChatDeserializer.a(SourceFile:505) ~[server.jar:git-Bukkit-1c7adf7]
	... 7 more
[11:51:48] [Server thread/INFO]: [AutoSaveWorld] Loading AutoSaveWorld v4.15
[11:51:48] [Server thread/INFO]: [Citizens] Loading Citizens v2.0.22-SNAPSHOT (build 1487)
[11:51:48] [Server thread/INFO]: [WorldEdit] Loading WorldEdit v6.1.8-SNAPSHOT;cd4729f
[11:51:48] [Server thread/INFO]: [Essentials] Loading Essentials v2.15.0.1
[11:51:48] [Server thread/INFO]: [EssentialsProtect] Loading EssentialsProtect v2.15.0.1
[11:51:48] [Server thread/INFO]: [EssentialsChat] Loading EssentialsChat v2.15.0.1
[11:51:48] [Server thread/INFO]: [EssentialsGeoIP] Loading EssentialsGeoIP v2.15.0.1
[11:51:48] [Server thread/INFO]: [EssentialsAntiBuild] Loading EssentialsAntiBuild v2.15.0.1
[11:51:48] [Server thread/INFO]: [TreeFeller] Loading TreeFeller v1.0
[11:51:48] [Server thread/INFO]: [EssentialsSpawn] Loading EssentialsSpawn v2.15.0.1
[11:51:48] [Server thread/INFO]: [MassiveCore] Loading MassiveCore v2.14.0
[11:51:48] [Server thread/INFO]: [Factions] Loading Factions v2.14.0
[11:51:48] [Server thread/INFO]: [EssentialsXMPP] Loading EssentialsXMPP v2.15.0.1
[11:51:48] [Server thread/INFO]: [CreativeGates] Loading CreativeGates v2.14.0
[11:51:48] [Server thread/INFO]: [AutoSaveWorld] Enabling AutoSaveWorld v4.15
[11:51:49] [Server thread/INFO]: [MassiveCore] Enabling MassiveCore v2.14.0
[11:51:49] [Server thread/INFO]: [0;36;22m[[0;36;1mMassiveCore 2.14.0[0;36;22m] [0;33;1m=== ENABLE START ===[m
[11:51:49] [Server thread/INFO]: [0;36;22m[[0;36;1mMassiveCore 2.14.0[0;36;22m] [0;33;1m[0;33;1mLoading Cachefile datas...[m
[11:51:49] [Server thread/INFO]: [0;36;22m[[0;36;1mMassiveCore 2.14.0[0;36;22m] [0;33;1m[0;33;1mLoading Onlineplayer datas...[m
[11:51:49] [Server thread/INFO]: [0;36;22m[[0;36;1mMassiveCore 2.14.0[0;36;22m] [0;33;1m[0;33;1mLoading Registry datas...[m
[11:51:49] [Server thread/INFO]: [0;36;22m[[0;36;1mMassiveCore 2.14.0[0;36;22m] [0;33;1m[0;33;1mSaving Cachefile...[m
[11:51:49] [Server thread/INFO]: [0;36;22m[[0;36;1mMassiveCore 2.14.0[0;36;22m] [0;33;1m[0;33;1mSetup of IdUtil took [0;35;1m56[0;33;1mms.[m
[11:51:51] [Server thread/INFO]: [0;36;22m[[0;36;1mMassiveCore 2.14.0[0;36;22m] [0;33;1m[0;32;1mIntegration Activated [0;35;1mIntegrationLiabilityAreaEffectCloud[m
[11:51:53] [Server thread/INFO]: [0;36;22m[[0;36;1mMassiveCore 2.14.0[0;36;22m] [0;33;1m=== ENABLE [0;32;1mCOMPLETE [0;33;1m(Took [0;35;1m4216ms[0;33;1m) ===[m
[11:51:53] [Server thread/INFO]: Preparing level "world"
[11:51:53] [Server thread/INFO]: Reloading ResourceManager: Default, bukkit
[11:51:53] [Server thread/INFO]: Loaded 524 recipes
[11:51:54] [Server thread/INFO]: Preparing start region for level 0 (Seed: -6799002770057062340)
[11:51:54] [Server thread/INFO]: Preparing spawn area: 4%
[11:51:54] [Server thread/INFO]: Preparing spawn area: 8%
[11:51:54] [Server thread/INFO]: Preparing spawn area: 12%
[11:51:54] [Server thread/INFO]: Preparing spawn area: 16%
[11:51:54] [Server thread/INFO]: Preparing spawn area: 20%
[11:51:54] [Server thread/INFO]: Preparing spawn area: 24%
[11:51:54] [Server thread/INFO]: Preparing spawn area: 28%
[11:51:54] [Server thread/INFO]: Preparing spawn area: 32%
[11:51:55] [Server thread/INFO]: Preparing spawn area: 36%
[11:51:55] [Server thread/INFO]: Preparing spawn area: 40%
[11:51:55] [Server thread/INFO]: Preparing spawn area: 44%
[11:51:55] [Server thread/INFO]: Preparing spawn area: 48%
[11:51:55] [Server thread/INFO]: Preparing spawn area: 52%
[11:51:55] [Server thread/INFO]: Preparing spawn area: 56%
[11:51:55] [Server thread/INFO]: Preparing spawn area: 60%
[11:51:55] [Server thread/INFO]: Preparing spawn area: 64%
[11:51:55] [Server thread/INFO]: Preparing spawn area: 68%
[11:51:55] [Server thread/INFO]: Preparing spawn area: 72%
[11:51:55] [Server thread/INFO]: Preparing spawn area: 76%
[11:51:55] [Server thread/INFO]: Preparing spawn area: 80%
[11:51:55] [Server thread/INFO]: Preparing spawn area: 84%
[11:51:55] [Server thread/INFO]: Preparing spawn area: 88%
[11:51:55] [Server thread/INFO]: Preparing spawn area: 92%
[11:51:55] [Server thread/INFO]: Preparing spawn area: 96%
[11:51:55] [Server thread/INFO]: Preparing spawn area: 100%
[11:51:55] [Server thread/INFO]: Preparing start region for level 1 (Seed: -7728826798910685367)
[11:51:55] [Server thread/INFO]: Preparing spawn area: 4%
[11:51:55] [Server thread/INFO]: Preparing spawn area: 8%
[11:51:55] [Server thread/INFO]: Preparing spawn area: 12%
[11:51:55] [Server thread/INFO]: Preparing spawn area: 16%
[11:51:55] [Server thread/INFO]: Preparing spawn area: 20%
[11:51:55] [Server thread/INFO]: Preparing spawn area: 24%
[11:51:55] [Server thread/INFO]: Preparing spawn area: 28%
[11:51:55] [Server thread/INFO]: Preparing spawn area: 32%
[11:51:55] [Server thread/INFO]: Preparing spawn area: 36%
[11:51:55] [Server thread/INFO]: Preparing spawn area: 40%
[11:51:55] [Server thread/INFO]: Preparing spawn area: 44%
[11:51:55] [Server thread/INFO]: Preparing spawn area: 48%
[11:51:56] [Server thread/INFO]: Preparing spawn area: 52%
[11:51:56] [Server thread/INFO]: Preparing spawn area: 56%
[11:51:56] [Server thread/INFO]: Preparing spawn area: 60%
[11:51:56] [Server thread/INFO]: Preparing spawn area: 64%
[11:51:56] [Server thread/INFO]: Preparing spawn area: 68%
[11:51:56] [Server thread/INFO]: Preparing spawn area: 72%
[11:51:56] [Server thread/INFO]: Preparing spawn area: 76%
[11:51:56] [Server thread/INFO]: Preparing spawn area: 80%
[11:51:56] [Server thread/INFO]: Preparing spawn area: 84%
[11:51:56] [Server thread/INFO]: Preparing spawn area: 88%
[11:51:56] [Server thread/INFO]: Preparing spawn area: 92%
[11:51:56] [Server thread/INFO]: Preparing spawn area: 96%
[11:51:56] [Server thread/INFO]: Preparing spawn area: 100%
[11:51:56] [Server thread/INFO]: Preparing start region for level 2 (Seed: -7728826798910685367)
[11:51:56] [Server thread/INFO]: Preparing spawn area: 4%
[11:51:56] [Server thread/INFO]: Preparing spawn area: 8%
[11:51:56] [Server thread/INFO]: Preparing spawn area: 12%
[11:51:56] [Server thread/INFO]: Preparing spawn area: 16%
[11:51:56] [Server thread/INFO]: Preparing spawn area: 20%
[11:51:56] [Server thread/INFO]: Preparing spawn area: 24%
[11:51:56] [Server thread/INFO]: Preparing spawn area: 28%
[11:51:56] [Server thread/INFO]: Preparing spawn area: 32%
[11:51:56] [Server thread/INFO]: Preparing spawn area: 36%
[11:51:56] [Server thread/INFO]: Preparing spawn area: 40%
[11:51:56] [Server thread/INFO]: Preparing spawn area: 44%
[11:51:56] [Server thread/INFO]: Preparing spawn area: 48%
[11:51:56] [Server thread/INFO]: Preparing spawn area: 52%
[11:51:56] [Server thread/INFO]: Preparing spawn area: 56%
[11:51:56] [Server thread/INFO]: Preparing spawn area: 60%
[11:51:56] [Server thread/INFO]: Preparing spawn area: 64%
[11:51:56] [Server thread/INFO]: Preparing spawn area: 68%
[11:51:56] [Server thread/INFO]: Preparing spawn area: 72%
[11:51:56] [Server thread/INFO]: Preparing spawn area: 76%
[11:51:56] [Server thread/INFO]: Preparing spawn area: 80%
[11:51:56] [Server thread/INFO]: Preparing spawn area: 84%
[11:51:56] [Server thread/INFO]: Preparing spawn area: 88%
[11:51:56] [Server thread/INFO]: Preparing spawn area: 92%
[11:51:56] [Server thread/INFO]: Preparing spawn area: 96%
[11:51:56] [Server thread/INFO]: Preparing spawn area: 100%
[11:51:56] [Server thread/INFO]: [Citizens] Enabling Citizens v2.0.22-SNAPSHOT (build 1487)
[11:51:56] [Server thread/ERROR]: [Citizens] v2.0.22-SNAPSHOT (build 1487) is not compatible with Minecraft v1_13_R1 - try upgrading or downgrading Citizens. Disabling.
[11:51:56] [Server thread/INFO]: [Citizens] Disabling Citizens v2.0.22-SNAPSHOT (build 1487)
[11:51:56] [Server thread/INFO]: [WorldEdit] Enabling WorldEdit v6.1.8-SNAPSHOT;cd4729f
[11:51:57] [Server thread/INFO]: WEPIF: Using the Bukkit Permissions API.
[11:51:57] [Server thread/ERROR]: Error occurred while enabling WorldEdit v6.1.8-SNAPSHOT;cd4729f (Is it up to date?)
java.lang.IllegalArgumentException: Channel must contain : separator
	at org.bukkit.plugin.messaging.StandardMessenger.validateAndCorrectChannel(StandardMessenger.java:474) ~[server.jar:git-Bukkit-1c7adf7]
	at org.bukkit.plugin.messaging.StandardMessenger.registerIncomingPluginChannel(StandardMessenger.java:209) ~[server.jar:git-Bukkit-1c7adf7]
	at com.sk89q.worldedit.bukkit.WorldEditPlugin.onEnable(WorldEditPlugin.java:110) ~[?:?]
	at org.bukkit.plugin.java.JavaPlugin.setEnabled(JavaPlugin.java:264) ~[server.jar:git-Bukkit-1c7adf7]
	at org.bukkit.plugin.java.JavaPluginLoader.enablePlugin(JavaPluginLoader.java:331) [server.jar:git-Bukkit-1c7adf7]
	at org.bukkit.plugin.SimplePluginManager.enablePlugin(SimplePluginManager.java:402) [server.jar:git-Bukkit-1c7adf7]
	at org.bukkit.craftbukkit.v1_13_R1.CraftServer.enablePlugin(CraftServer.java:411) [server.jar:git-Bukkit-1c7adf7]
	at org.bukkit.craftbukkit.v1_13_R1.CraftServer.enablePlugins(CraftServer.java:337) [server.jar:git-Bukkit-1c7adf7]
	at net.minecraft.server.v1_13_R1.MinecraftServer.m(MinecraftServer.java:553) [server.jar:git-Bukkit-1c7adf7]
	at net.minecraft.server.v1_13_R1.MinecraftServer.g_(MinecraftServer.java:515) [server.jar:git-Bukkit-1c7adf7]
	at net.minecraft.server.v1_13_R1.MinecraftServer.a(MinecraftServer.java:414) [server.jar:git-Bukkit-1c7adf7]
	at net.minecraft.server.v1_13_R1.DedicatedServer.init(DedicatedServer.java:264) [server.jar:git-Bukkit-1c7adf7]
	at net.minecraft.server.v1_13_R1.MinecraftServer.run(MinecraftServer.java:664) [server.jar:git-Bukkit-1c7adf7]
	at java.lang.Thread.run(Unknown Source) [?:1.8.0_144]
[11:51:57] [Server thread/INFO]: [Essentials] Enabling Essentials v2.15.0.1
[11:51:57] [Server thread/INFO]: Attempting to convert old kits in config.yml to new kits.yml
[11:51:57] [Server thread/INFO]: No kits found to migrate.
[11:51:57] [Server thread/INFO]: [Essentials] Using 1.8.3+ BlockStateMeta provider as mob spawner provider.
[11:51:58] [Server thread/INFO]: [Essentials] Using legacy item data provider as spawn egg provider.
[11:51:58] [Server thread/INFO]: [Essentials] Using 1.9+ BasePotionData provider as potion meta provider.
[11:51:58] [Server thread/INFO]: Using locale en_US
[11:51:58] [Server thread/INFO]: [Essentials] Using Spigot 1.7.10+ ServerListPingEvent iterator
[11:51:58] [Server thread/INFO]: [Essentials] Starting Metrics. Opt-out using the global bStats config.
[11:51:58] [Server thread/INFO]: [Essentials] Using superperms-based permissions.
[11:51:58] [Server thread/INFO]: [EssentialsProtect] Enabling EssentialsProtect v2.15.0.1
[11:51:58] [Server thread/INFO]: [EssentialsChat] Enabling EssentialsChat v2.15.0.1
[11:51:58] [Server thread/INFO]: [EssentialsGeoIP] Enabling EssentialsGeoIP v2.15.0.1
[11:51:58] [Server thread/INFO]: [EssentialsGeoIP] This product includes GeoLite2 data created by MaxMind, available from http://www.maxmind.com/.
[11:51:58] [Server thread/INFO]: [EssentialsAntiBuild] Enabling EssentialsAntiBuild v2.15.0.1
[11:51:58] [Server thread/INFO]: [TreeFeller] Enabling TreeFeller v1.0
[11:51:58] [Server thread/INFO]: [EssentialsSpawn] Enabling EssentialsSpawn v2.15.0.1
[11:51:58] [Server thread/INFO]: [Factions] Enabling Factions v2.14.0
[11:51:58] [Server thread/INFO]: [0;36;22m[[0;36;1mFactions 2.14.0[0;36;22m] [0;33;1m=== ENABLE START ===[m
[11:51:59] [Server thread/INFO]: [0;36;22m[[0;36;1mFactions 2.14.0[0;36;22m] [0;33;1m[0;32;1mIntegration Activated [0;35;1mIntegrationV18[m
[11:51:59] [Server thread/INFO]: [0;36;22m[[0;36;1mFactions 2.14.0[0;36;22m] [0;33;1m[0;32;1mIntegration Activated [0;35;1mIntegrationV19[m
[11:51:59] [Server thread/INFO]: [0;36;22m[[0;36;1mFactions 2.14.0[0;36;22m] [0;33;1m[0;32;1mIntegration Activated [0;35;1mIntegrationSpigot[m
[11:51:59] [Server thread/INFO]: [0;36;22m[[0;36;1mFactions 2.14.0[0;36;22m] [0;33;1m=== ENABLE [0;32;1mCOMPLETE [0;33;1m(Took [0;35;1m837ms[0;33;1m) ===[m
[11:51:59] [Server thread/INFO]: [EssentialsXMPP] Enabling EssentialsXMPP v2.15.0.1
[11:51:59] [Server thread/WARN]: config broken for xmpp
[11:51:59] [Server thread/INFO]: [CreativeGates] Enabling CreativeGates v2.14.0
[11:51:59] [Server thread/INFO]: [0;36;22m[[0;36;1mCreativeGates 2.14.0[0;36;22m] [0;33;1m=== ENABLE START ===[m
[11:51:59] [Server thread/INFO]: [0;36;22m[[0;36;1mCreativeGates 2.14.0[0;36;22m] [0;33;1m=== ENABLE [0;32;1mCOMPLETE [0;33;1m(Took [0;35;1m77ms[0;33;1m) ===[m
[11:51:59] [Server thread/INFO]: Server permissions file permissions.yml is empty, ignoring it
[11:51:59] [Server thread/INFO]: Time elapsed: 4890 ms
[11:51:59] [Server thread/INFO]: Done (6.207s)! For help, type "help"
[11:51:59] [pool-4-thread-4/WARN]: [Essentials] Plugin Essentials v2.15.0.1 generated an exception while executing task 19
java.lang.NoSuchMethodError: com.earth2me.essentials.storage.BukkitConstructor.constructScalar(Lorg/yaml/snakeyaml/nodes/ScalarNode;)Ljava/lang/Object;
	at com.earth2me.essentials.storage.BukkitConstructor.access$600(BukkitConstructor.java:19) ~[?:?]
	at com.earth2me.essentials.storage.BukkitConstructor$ConstructBukkitMapping.construct(BukkitConstructor.java:184) ~[?:?]
	at org.yaml.snakeyaml.constructor.BaseConstructor.constructObjectNoCheck(BaseConstructor.java:204) ~[server.jar:git-Bukkit-1c7adf7]
	at org.yaml.snakeyaml.constructor.BaseConstructor.constructObject(BaseConstructor.java:193) ~[server.jar:git-Bukkit-1c7adf7]
	at org.yaml.snakeyaml.constructor.BaseConstructor.constructMapping2ndStep(BaseConstructor.java:453) ~[server.jar:git-Bukkit-1c7adf7]
	at org.yaml.snakeyaml.constructor.SafeConstructor.constructMapping2ndStep(SafeConstructor.java:184) ~[server.jar:git-Bukkit-1c7adf7]
	at org.yaml.snakeyaml.constructor.BaseConstructor.constructMapping(BaseConstructor.java:434) ~[server.jar:git-Bukkit-1c7adf7]
	at org.yaml.snakeyaml.constructor.Constructor$ConstructMapping.construct(Constructor.java:136) ~[server.jar:git-Bukkit-1c7adf7]
	at com.earth2me.essentials.storage.BukkitConstructor$ConstructBukkitMapping.construct(BukkitConstructor.java:214) ~[?:?]
	at org.yaml.snakeyaml.constructor.BaseConstructor.constructObjectNoCheck(BaseConstructor.java:204) ~[server.jar:git-Bukkit-1c7adf7]
	at org.yaml.snakeyaml.constructor.BaseConstructor.constructObject(BaseConstructor.java:193) ~[server.jar:git-Bukkit-1c7adf7]
	at org.yaml.snakeyaml.constructor.Constructor$ConstructMapping.newInstance(Constructor.java:283) ~[server.jar:git-Bukkit-1c7adf7]
	at org.yaml.snakeyaml.constructor.Constructor$ConstructMapping.constructJavaBean2ndStep(Constructor.java:246) ~[server.jar:git-Bukkit-1c7adf7]
	at org.yaml.snakeyaml.constructor.Constructor$ConstructMapping.construct(Constructor.java:149) ~[server.jar:git-Bukkit-1c7adf7]
	at com.earth2me.essentials.storage.BukkitConstructor$ConstructBukkitMapping.construct(BukkitConstructor.java:214) ~[?:?]
	at org.yaml.snakeyaml.constructor.Constructor$ConstructYamlObject.construct(Constructor.java:309) ~[server.jar:git-Bukkit-1c7adf7]
	at org.yaml.snakeyaml.constructor.BaseConstructor.constructObjectNoCheck(BaseConstructor.java:204) ~[server.jar:git-Bukkit-1c7adf7]
	at org.yaml.snakeyaml.constructor.BaseConstructor.constructObject(BaseConstructor.java:193) ~[server.jar:git-Bukkit-1c7adf7]
	at org.yaml.snakeyaml.constructor.BaseConstructor.constructDocument(BaseConstructor.java:159) ~[server.jar:git-Bukkit-1c7adf7]
	at org.yaml.snakeyaml.constructor.BaseConstructor.getSingleData(BaseConstructor.java:146) ~[server.jar:git-Bukkit-1c7adf7]
	at org.yaml.snakeyaml.Yaml.loadFromReader(Yaml.java:524) ~[server.jar:git-Bukkit-1c7adf7]
	at org.yaml.snakeyaml.Yaml.load(Yaml.java:467) ~[server.jar:git-Bukkit-1c7adf7]
	at com.earth2me.essentials.storage.YamlStorageReader.load(YamlStorageReader.java:41) ~[?:?]
	at com.earth2me.essentials.storage.AbstractDelayedYamlFileReader.run(AbstractDelayedYamlFileReader.java:33) ~[?:?]
	at org.bukkit.craftbukkit.v1_13_R1.scheduler.CraftTask.run(CraftTask.java:58) ~[server.jar:git-Bukkit-1c7adf7]
	at org.bukkit.craftbukkit.v1_13_R1.scheduler.CraftAsyncTask.run(CraftAsyncTask.java:52) [server.jar:git-Bukkit-1c7adf7]
	at java.util.concurrent.ThreadPoolExecutor.runWorker(Unknown Source) [?:1.8.0_144]
	at java.util.concurrent.ThreadPoolExecutor$Worker.run(Unknown Source) [?:1.8.0_144]
	at java.lang.Thread.run(Unknown Source) [?:1.8.0_144]
[11:52:25] [Server thread/INFO]: Unknown command. Type "help" for help.[m
[11:52:31] [User Authenticator #1/INFO]: UUID of player cameron_ is 6e16e40d-4c82-4482-9b7e-94ba0961da3d
[11:52:34] [Server thread/INFO]: cameron_[/127.0.0.1:49192] logged in with entity id 244 at ([world]-211.85035123603808, 89.36701051678156, 2193.641985951013)
[11:52:34] [Server thread/WARN]: Can't keep up! Is the server overloaded? Running 2525ms or 50 ticks behind
[11:52:34] [Server thread/WARN]: [Essentials] Task #38 for Essentials v2.15.0.1 generated an exception
java.lang.NullPointerException: null
	at com.earth2me.essentials.xmpp.XMPPManager.updatePresence(XMPPManager.java:148) ~[?:?]
	at com.earth2me.essentials.xmpp.EssentialsXMPP.updatePresence(EssentialsXMPP.java:109) ~[?:?]
	at com.earth2me.essentials.xmpp.EssentialsXMPPPlayerListener$1.run(EssentialsXMPPPlayerListener.java:31) ~[?:?]
	at org.bukkit.craftbukkit.v1_13_R1.scheduler.CraftTask.run(CraftTask.java:58) ~[server.jar:git-Bukkit-1c7adf7]
	at org.bukkit.craftbukkit.v1_13_R1.scheduler.CraftScheduler.mainThreadHeartbeat(CraftScheduler.java:360) [server.jar:git-Bukkit-1c7adf7]
	at net.minecraft.server.v1_13_R1.MinecraftServer.w(MinecraftServer.java:821) [server.jar:git-Bukkit-1c7adf7]
	at net.minecraft.server.v1_13_R1.DedicatedServer.w(DedicatedServer.java:376) [server.jar:git-Bukkit-1c7adf7]
	at net.minecraft.server.v1_13_R1.MinecraftServer.v(MinecraftServer.java:780) [server.jar:git-Bukkit-1c7adf7]
	at net.minecraft.server.v1_13_R1.MinecraftServer.run(MinecraftServer.java:683) [server.jar:git-Bukkit-1c7adf7]
	at java.lang.Thread.run(Unknown Source) [?:1.8.0_144]
[11:52:58] [Server thread/WARN]: Can't keep up! Is the server overloaded? Running 9516ms or 190 ticks behind
[11:57:56] [Server thread/INFO]: CONSOLE: [0;31;1mPlease note that this command is not supported and may cause issues when using some plugins.[m
[11:57:56] [Server thread/INFO]: CONSOLE: [0;31;1mIf you encounter any issues please use the /stop command to restart your server.[m
[11:57:56] [Server thread/INFO]: [CreativeGates] Disabling CreativeGates v2.14.0
[11:57:56] [Server thread/INFO]: [0;36;22m[[0;36;1mCreativeGates 2.14.0[0;36;22m] [0;33;1mDisabled[m
[11:57:56] [Server thread/INFO]: [EssentialsXMPP] Disabling EssentialsXMPP v2.15.0.1
[11:57:56] [Server thread/INFO]: [Factions] Disabling Factions v2.14.0
[11:57:56] [Server thread/INFO]: [0;36;22m[[0;36;1mFactions 2.14.0[0;36;22m] [0;33;1m[0;31;1mIntegration Deactivated [0;35;1mIntegrationV18[m
[11:57:56] [Server thread/INFO]: [0;36;22m[[0;36;1mFactions 2.14.0[0;36;22m] [0;33;1m[0;31;1mIntegration Deactivated [0;35;1mIntegrationV19[m
[11:57:56] [Server thread/INFO]: [0;36;22m[[0;36;1mFactions 2.14.0[0;36;22m] [0;33;1m[0;31;1mIntegration Deactivated [0;35;1mIntegrationSpigot[m
[11:57:56] [Server thread/INFO]: [0;36;22m[[0;36;1mFactions 2.14.0[0;36;22m] [0;33;1mDisabled[m
[11:57:56] [Server thread/INFO]: [MassiveCore] Disabling MassiveCore v2.14.0
[11:57:56] [Server thread/INFO]: [0;36;22m[[0;36;1mMassiveCore 2.14.0[0;36;22m] [0;33;1m[0;31;1mIntegration Deactivated [0;35;1mIntegrationLiabilityAreaEffectCloud[m
[11:57:56] [Server thread/INFO]: [0;36;22m[[0;36;1mMassiveCore 2.14.0[0;36;22m] [0;33;1mDisabled[m
[11:57:56] [Server thread/INFO]: [EssentialsSpawn] Disabling EssentialsSpawn v2.15.0.1
[11:57:56] [Server thread/INFO]: [TreeFeller] Disabling TreeFeller v1.0
[11:57:56] [Server thread/INFO]: [EssentialsAntiBuild] Disabling EssentialsAntiBuild v2.15.0.1
[11:57:56] [Server thread/INFO]: [EssentialsGeoIP] Disabling EssentialsGeoIP v2.15.0.1
[11:57:56] [Server thread/INFO]: [EssentialsChat] Disabling EssentialsChat v2.15.0.1
[11:57:56] [Server thread/INFO]: [EssentialsProtect] Disabling EssentialsProtect v2.15.0.1
[11:57:56] [Server thread/INFO]: [Essentials] Disabling Essentials v2.15.0.1
[11:57:56] [Server thread/INFO]: [WorldEdit] Disabling WorldEdit v6.1.8-SNAPSHOT;cd4729f
[11:57:56] [Server thread/INFO]: [AutoSaveWorld] Disabling AutoSaveWorld v4.15
[11:57:56] [Server thread/INFO]: [0;34;1mAutoSaving, you may experience momentary issues.[m
[11:57:56] [Server thread/INFO]: [0;34;1mAutoSave complete.[m
[11:57:59] [Server thread/INFO]: Loaded 524 recipes
[11:57:59] [Server thread/INFO]: Reloading ResourceManager: Default, bukkit
[11:58:00] [Server thread/INFO]: Loaded 524 recipes
[11:58:01] [Server thread/ERROR]: Ambiguous plugin name `WorldEdit' for files `plugins\worldedit-bukkit-7.0.0-SNAPSHOT-dist.jar' and `plugins\worldedit-bukkit-6.1.7.3.jar' in `plugins'
[11:58:01] [Server thread/INFO]: [AutoSaveWorld] Loading AutoSaveWorld v4.15
[11:58:01] [Server thread/INFO]: [Citizens] Loading Citizens v2.0.22-SNAPSHOT (build 1487)
[11:58:01] [Server thread/INFO]: [WorldEdit] Loading WorldEdit v7.0.0-SNAPSHOT;3801-56be153
[11:58:01] [Server thread/INFO]: [Essentials] Loading Essentials v2.15.0.1
[11:58:01] [Server thread/INFO]: [EssentialsProtect] Loading EssentialsProtect v2.15.0.1
[11:58:01] [Server thread/INFO]: [EssentialsChat] Loading EssentialsChat v2.15.0.1
[11:58:01] [Server thread/INFO]: [EssentialsGeoIP] Loading EssentialsGeoIP v2.15.0.1
[11:58:01] [Server thread/INFO]: [EssentialsAntiBuild] Loading EssentialsAntiBuild v2.15.0.1
[11:58:01] [Server thread/INFO]: [TreeFeller] Loading TreeFeller v1.0
[11:58:01] [Server thread/INFO]: [EssentialsSpawn] Loading EssentialsSpawn v2.15.0.1
[11:58:01] [Server thread/INFO]: [MassiveCore] Loading MassiveCore v2.14.0
[11:58:01] [Server thread/INFO]: [Factions] Loading Factions v2.14.0
[11:58:01] [Server thread/INFO]: [EssentialsXMPP] Loading EssentialsXMPP v2.15.0.1
[11:58:01] [Server thread/INFO]: [CreativeGates] Loading CreativeGates v2.14.0
[11:58:01] [Server thread/INFO]: [AutoSaveWorld] Enabling AutoSaveWorld v4.15
[11:58:01] [Server thread/INFO]: [MassiveCore] Enabling MassiveCore v2.14.0
[11:58:01] [Server thread/INFO]: [0;36;22m[[0;36;1mMassiveCore 2.14.0[0;36;22m] [0;33;1m=== ENABLE START ===[m
[11:58:01] [Server thread/INFO]: [0;36;22m[[0;36;1mMassiveCore 2.14.0[0;36;22m] [0;33;1m[0;33;1mLoading Cachefile datas...[m
[11:58:01] [Server thread/INFO]: [0;36;22m[[0;36;1mMassiveCore 2.14.0[0;36;22m] [0;33;1m[0;33;1mLoading Onlineplayer datas...[m
[11:58:01] [Server thread/INFO]: [0;36;22m[[0;36;1mMassiveCore 2.14.0[0;36;22m] [0;33;1m[0;33;1mLoading Registry datas...[m
[11:58:01] [Server thread/INFO]: [0;36;22m[[0;36;1mMassiveCore 2.14.0[0;36;22m] [0;33;1m[0;33;1mSaving Cachefile...[m
[11:58:01] [Server thread/INFO]: [0;36;22m[[0;36;1mMassiveCore 2.14.0[0;36;22m] [0;33;1m[0;33;1mSetup of IdUtil took [0;35;1m15[0;33;1mms.[m
[11:58:02] [Server thread/INFO]: [0;36;22m[[0;36;1mMassiveCore 2.14.0[0;36;22m] [0;33;1m[0;32;1mIntegration Activated [0;35;1mIntegrationLiabilityAreaEffectCloud[m
[11:58:02] [Server thread/INFO]: [0;36;22m[[0;36;1mMassiveCore 2.14.0[0;36;22m] [0;33;1m=== ENABLE [0;32;1mCOMPLETE [0;33;1m(Took [0;35;1m1341ms[0;33;1m) ===[m
[11:58:02] [Server thread/INFO]: [Citizens] Enabling Citizens v2.0.22-SNAPSHOT (build 1487)
[11:58:02] [Server thread/ERROR]: [Citizens] v2.0.22-SNAPSHOT (build 1487) is not compatible with Minecraft v1_13_R1 - try upgrading or downgrading Citizens. Disabling.
[11:58:02] [Server thread/INFO]: [Citizens] Disabling Citizens v2.0.22-SNAPSHOT (build 1487)
[11:58:02] [Server thread/INFO]: [WorldEdit] Enabling WorldEdit v7.0.0-SNAPSHOT;3801-56be153
[11:58:03] [Server thread/INFO]: [WorldEdit] Using com.sk89q.worldedit.bukkit.adapter.impl.Spigot_v1_13_R1 as the Bukkit adapter
[11:58:03] [Server thread/WARN]: [WorldEdit] Unknown block: minecraft:tnt[unstable=false]
[11:58:03] [Server thread/WARN]: [WorldEdit] Unknown block: minecraft:tnt[unstable=true]
[11:58:03] [Server thread/INFO]: WEPIF: Using the Bukkit Permissions API.
[11:58:03] [Server thread/INFO]: [Essentials] Enabling Essentials v2.15.0.1
[11:58:03] [Server thread/INFO]: Attempting to convert old kits in config.yml to new kits.yml
[11:58:03] [Server thread/INFO]: No kits found to migrate.
[11:58:03] [Server thread/INFO]: [Essentials] Using 1.8.3+ BlockStateMeta provider as mob spawner provider.
[11:58:03] [Server thread/INFO]: [Essentials] Using legacy item data provider as spawn egg provider.
[11:58:03] [Server thread/INFO]: [Essentials] Using 1.9+ BasePotionData provider as potion meta provider.
[11:58:03] [Server thread/INFO]: Using locale en_US
[11:58:03] [Server thread/INFO]: [Essentials] Using Spigot 1.7.10+ ServerListPingEvent iterator
[11:58:03] [Server thread/INFO]: [Essentials] Starting Metrics. Opt-out using the global bStats config.
[11:58:03] [Server thread/INFO]: [Essentials] Using superperms-based permissions.
[11:58:03] [Server thread/INFO]: [EssentialsProtect] Enabling EssentialsProtect v2.15.0.1
[11:58:03] [Server thread/INFO]: [EssentialsChat] Enabling EssentialsChat v2.15.0.1
[11:58:03] [Server thread/INFO]: [EssentialsGeoIP] Enabling EssentialsGeoIP v2.15.0.1
[11:58:04] [Server thread/INFO]: [EssentialsGeoIP] This product includes GeoLite2 data created by MaxMind, available from http://www.maxmind.com/.
[11:58:04] [Server thread/INFO]: [EssentialsAntiBuild] Enabling EssentialsAntiBuild v2.15.0.1
[11:58:04] [Server thread/INFO]: [TreeFeller] Enabling TreeFeller v1.0
[11:58:04] [Server thread/INFO]: [EssentialsSpawn] Enabling EssentialsSpawn v2.15.0.1
[11:58:04] [Server thread/INFO]: [Factions] Enabling Factions v2.14.0
[11:58:04] [Server thread/INFO]: [0;36;22m[[0;36;1mFactions 2.14.0[0;36;22m] [0;33;1m=== ENABLE START ===[m
[11:58:04] [Server thread/INFO]: [0;36;22m[[0;36;1mFactions 2.14.0[0;36;22m] [0;33;1m[0;32;1mIntegration Activated [0;35;1mIntegrationV18[m
[11:58:04] [Server thread/INFO]: [0;36;22m[[0;36;1mFactions 2.14.0[0;36;22m] [0;33;1m[0;32;1mIntegration Activated [0;35;1mIntegrationV19[m
[11:58:04] [Server thread/INFO]: [0;36;22m[[0;36;1mFactions 2.14.0[0;36;22m] [0;33;1m[0;32;1mIntegration Activated [0;35;1mIntegrationSpigot[m
[11:58:04] [Server thread/INFO]: [0;36;22m[[0;36;1mFactions 2.14.0[0;36;22m] [0;33;1m=== ENABLE [0;32;1mCOMPLETE [0;33;1m(Took [0;35;1m719ms[0;33;1m) ===[m
[11:58:04] [Server thread/INFO]: [EssentialsXMPP] Enabling EssentialsXMPP v2.15.0.1
[11:58:04] [Server thread/WARN]: config broken for xmpp
[11:58:04] [Server thread/INFO]: [CreativeGates] Enabling CreativeGates v2.14.0
[11:58:04] [Server thread/INFO]: [0;36;22m[[0;36;1mCreativeGates 2.14.0[0;36;22m] [0;33;1m=== ENABLE START ===[m
[11:58:04] [Server thread/INFO]: [0;36;22m[[0;36;1mCreativeGates 2.14.0[0;36;22m] [0;33;1m=== ENABLE [0;32;1mCOMPLETE [0;33;1m(Took [0;35;1m39ms[0;33;1m) ===[m
[11:58:04] [Server thread/INFO]: Server permissions file permissions.yml is empty, ignoring it
[11:58:05] [Server thread/INFO]: CONSOLE: [0;32;1mReload complete.[m
[11:58:05] [Server thread/WARN]: Can't keep up! Is the server overloaded? Running 9237ms or 184 ticks behind
[11:58:05] [pool-4-thread-8/WARN]: [Essentials] Plugin Essentials v2.15.0.1 generated an exception while executing task 61
java.lang.NoSuchMethodError: com.earth2me.essentials.storage.BukkitConstructor.constructScalar(Lorg/yaml/snakeyaml/nodes/ScalarNode;)Ljava/lang/Object;
	at com.earth2me.essentials.storage.BukkitConstructor.access$600(BukkitConstructor.java:19) ~[?:?]
	at com.earth2me.essentials.storage.BukkitConstructor$ConstructBukkitMapping.construct(BukkitConstructor.java:184) ~[?:?]
	at org.yaml.snakeyaml.constructor.BaseConstructor.constructObjectNoCheck(BaseConstructor.java:204) ~[server.jar:git-Bukkit-1c7adf7]
	at org.yaml.snakeyaml.constructor.BaseConstructor.constructObject(BaseConstructor.java:193) ~[server.jar:git-Bukkit-1c7adf7]
	at org.yaml.snakeyaml.constructor.BaseConstructor.constructMapping2ndStep(BaseConstructor.java:453) ~[server.jar:git-Bukkit-1c7adf7]
	at org.yaml.snakeyaml.constructor.SafeConstructor.constructMapping2ndStep(SafeConstructor.java:184) ~[server.jar:git-Bukkit-1c7adf7]
	at org.yaml.snakeyaml.constructor.BaseConstructor.constructMapping(BaseConstructor.java:434) ~[server.jar:git-Bukkit-1c7adf7]
	at org.yaml.snakeyaml.constructor.Constructor$ConstructMapping.construct(Constructor.java:136) ~[server.jar:git-Bukkit-1c7adf7]
	at com.earth2me.essentials.storage.BukkitConstructor$ConstructBukkitMapping.construct(BukkitConstructor.java:214) ~[?:?]
	at org.yaml.snakeyaml.constructor.BaseConstructor.constructObjectNoCheck(BaseConstructor.java:204) ~[server.jar:git-Bukkit-1c7adf7]
	at org.yaml.snakeyaml.constructor.BaseConstructor.constructObject(BaseConstructor.java:193) ~[server.jar:git-Bukkit-1c7adf7]
	at org.yaml.snakeyaml.constructor.Constructor$ConstructMapping.newInstance(Constructor.java:283) ~[server.jar:git-Bukkit-1c7adf7]
	at org.yaml.snakeyaml.constructor.Constructor$ConstructMapping.constructJavaBean2ndStep(Constructor.java:246) ~[server.jar:git-Bukkit-1c7adf7]
	at org.yaml.snakeyaml.constructor.Constructor$ConstructMapping.construct(Constructor.java:149) ~[server.jar:git-Bukkit-1c7adf7]
	at com.earth2me.essentials.storage.BukkitConstructor$ConstructBukkitMapping.construct(BukkitConstructor.java:214) ~[?:?]
	at org.yaml.snakeyaml.constructor.Constructor$ConstructYamlObject.construct(Constructor.java:309) ~[server.jar:git-Bukkit-1c7adf7]
	at org.yaml.snakeyaml.constructor.BaseConstructor.constructObjectNoCheck(BaseConstructor.java:204) ~[server.jar:git-Bukkit-1c7adf7]
	at org.yaml.snakeyaml.constructor.BaseConstructor.constructObject(BaseConstructor.java:193) ~[server.jar:git-Bukkit-1c7adf7]
	at org.yaml.snakeyaml.constructor.BaseConstructor.constructDocument(BaseConstructor.java:159) ~[server.jar:git-Bukkit-1c7adf7]
	at org.yaml.snakeyaml.constructor.BaseConstructor.getSingleData(BaseConstructor.java:146) ~[server.jar:git-Bukkit-1c7adf7]
	at org.yaml.snakeyaml.Yaml.loadFromReader(Yaml.java:524) ~[server.jar:git-Bukkit-1c7adf7]
	at org.yaml.snakeyaml.Yaml.load(Yaml.java:467) ~[server.jar:git-Bukkit-1c7adf7]
	at com.earth2me.essentials.storage.YamlStorageReader.load(YamlStorageReader.java:41) ~[?:?]
	at com.earth2me.essentials.storage.AbstractDelayedYamlFileReader.run(AbstractDelayedYamlFileReader.java:33) ~[?:?]
	at org.bukkit.craftbukkit.v1_13_R1.scheduler.CraftTask.run(CraftTask.java:58) ~[server.jar:git-Bukkit-1c7adf7]
	at org.bukkit.craftbukkit.v1_13_R1.scheduler.CraftAsyncTask.run(CraftAsyncTask.java:52) [server.jar:git-Bukkit-1c7adf7]
	at java.util.concurrent.ThreadPoolExecutor.runWorker(Unknown Source) [?:1.8.0_144]
	at java.util.concurrent.ThreadPoolExecutor$Worker.run(Unknown Source) [?:1.8.0_144]
	at java.lang.Thread.run(Unknown Source) [?:1.8.0_144]
[11:58:09] [Server thread/INFO]: cameron_ issued server command: //wand
[11:58:40] [Server thread/INFO]: cameron_ issued server command: //copy
[11:58:55] [Server thread/INFO]: cameron_ issued server command: //set 44:5
[11:59:03] [Server thread/INFO]: cameron_ issued server command: //paste
[11:59:12] [Server thread/INFO]: cameron_ issued server command: //set 0
[11:59:20] [Server thread/INFO]: cameron_ issued server command: //set 44:5
[11:59:25] [Server thread/INFO]: cameron_ issued server command: /fix
[11:59:38] [Server thread/INFO]: cameron_ issued server command: /feed
[11:59:59] [Server thread/INFO]: cameron_ issued server command: /give cameron 109
[12:00:30] [Server thread/INFO]: cameron_ issued server command: //copy
[12:00:41] [Server thread/INFO]: cameron_ issued server command: //set 0
[12:00:54] [Server thread/INFO]: cameron_ issued server command: //paste
[12:01:06] [Server thread/INFO]: cameron_ issued server command: //set 44:5
[12:01:26] [Server thread/INFO]: cameron_ issued server command: /give cameron 109
[12:01:33] [Server thread/INFO]: cameron_ issued server command: /time set 0
[12:01:54] [Server thread/INFO]: cameron_ issued server command: /give cameron 44:5
[12:03:36] [Server thread/INFO]: cameron_ issued server command: //set grass
[12:03:39] [Server thread/INFO]: cameron_ issued server command: //set grass
[12:03:41] [Server thread/INFO]: cameron_ issued server command: //undo
[12:03:43] [Server thread/INFO]: cameron_ issued server command: //undo
[12:03:54] [Server thread/INFO]: cameron_ issued server command: //set dirt
[12:03:57] [Server thread/INFO]: cameron_ issued server command: //set dirt
[12:05:28] [Server thread/INFO]: cameron_ issued server command: /fix
[12:06:39] [Server thread/INFO]: cameron_ issued server command: //copy
[12:06:47] [Server thread/INFO]: cameron_ issued server command: //paste
[12:06:56] [Server thread/INFO]: cameron_ issued server command: //set 0
[12:07:03] [Server thread/INFO]: cameron_ issued server command: //set 0
[12:07:10] [Server thread/INFO]: cameron_ issued server command: //set 44:5
[12:07:12] [Server thread/INFO]: cameron_ issued server command: /give cameron 109
[12:09:31] [Server thread/INFO]: cameron_ issued server command: //set dirt
[12:09:35] [Server thread/INFO]: cameron_ issued server command: //set dirt
[12:09:37] [Server thread/INFO]: cameron_ issued server command: //set dirt
[12:09:42] [Server thread/INFO]: cameron_ issued server command: //set dirt
[12:11:04] [Server thread/INFO]: cameron_ issued server command: //set dirt
[12:11:17] [Server thread/INFO]: cameron_ issued server command: //set dirt
[12:11:38] [Server thread/INFO]: cameron_ issued server command: //set dirt
[12:12:40] [Server thread/WARN]: Can't keep up! Is the server overloaded? Running 2188ms or 43 ticks behind
[12:13:03] [AutoSaveWorld AutoSaveThread/INFO]: [0;34;1mAutoSaving, you may experience momentary issues.[m
[12:13:04] [AutoSaveWorld AutoSaveThread/ERROR]: [AutoSaveWorld] Could not dump RegionFileCache
java.lang.RuntimeException: Can't find method saveLevel with params length 0
	at autosaveworld.utils.ReflectionUtils.getMethod(ReflectionUtils.java:49) ~[AutoSaveWorld.jar:?]
	at autosaveworld.features.save.AutoSaveThread.dumpRegionCache(AutoSaveThread.java:135) [AutoSaveWorld.jar:?]
	at autosaveworld.features.save.AutoSaveThread.performSave(AutoSaveThread.java:122) [AutoSaveWorld.jar:?]
	at autosaveworld.features.save.AutoSaveThread.doTask(AutoSaveThread.java:70) [AutoSaveWorld.jar:?]
	at autosaveworld.utils.Threads$IntervalTaskThread.run(Threads.java:103) [AutoSaveWorld.jar:?]
[12:13:04] [AutoSaveWorld AutoSaveThread/ERROR]: [AutoSaveWorld] Could not dump RegionFileCache
java.lang.RuntimeException: Can't find method saveLevel with params length 0
	at autosaveworld.utils.ReflectionUtils.getMethod(ReflectionUtils.java:49) ~[AutoSaveWorld.jar:?]
	at autosaveworld.features.save.AutoSaveThread.dumpRegionCache(AutoSaveThread.java:135) [AutoSaveWorld.jar:?]
	at autosaveworld.features.save.AutoSaveThread.performSave(AutoSaveThread.java:122) [AutoSaveWorld.jar:?]
	at autosaveworld.features.save.AutoSaveThread.doTask(AutoSaveThread.java:70) [AutoSaveWorld.jar:?]
	at autosaveworld.utils.Threads$IntervalTaskThread.run(Threads.java:103) [AutoSaveWorld.jar:?]
[12:13:04] [AutoSaveWorld AutoSaveThread/ERROR]: [AutoSaveWorld] Could not dump RegionFileCache
java.lang.RuntimeException: Can't find method saveLevel with params length 0
	at autosaveworld.utils.ReflectionUtils.getMethod(ReflectionUtils.java:49) ~[AutoSaveWorld.jar:?]
	at autosaveworld.features.save.AutoSaveThread.dumpRegionCache(AutoSaveThread.java:135) [AutoSaveWorld.jar:?]
	at autosaveworld.features.save.AutoSaveThread.performSave(AutoSaveThread.java:122) [AutoSaveWorld.jar:?]
	at autosaveworld.features.save.AutoSaveThread.doTask(AutoSaveThread.java:70) [AutoSaveWorld.jar:?]
	at autosaveworld.utils.Threads$IntervalTaskThread.run(Threads.java:103) [AutoSaveWorld.jar:?]
[12:13:04] [AutoSaveWorld AutoSaveThread/INFO]: [0;34;1mAutoSave complete.[m
[12:14:18] [Server thread/INFO]: cameron_ issued server command: /give cameron sapling
[12:16:12] [Server thread/INFO]: cameron_ issued server command: /feed
[12:27:55] [Server thread/INFO]: cameron_ issued server command: /give cameron dirt
[12:28:06] [AutoSaveWorld AutoSaveThread/INFO]: [0;34;1mAutoSaving, you may experience momentary issues.[m
[12:28:06] [AutoSaveWorld AutoSaveThread/ERROR]: [AutoSaveWorld] Could not dump RegionFileCache
java.lang.RuntimeException: Can't find method saveLevel with params length 0
	at autosaveworld.utils.ReflectionUtils.getMethod(ReflectionUtils.java:49) ~[AutoSaveWorld.jar:?]
	at autosaveworld.features.save.AutoSaveThread.dumpRegionCache(AutoSaveThread.java:135) [AutoSaveWorld.jar:?]
	at autosaveworld.features.save.AutoSaveThread.performSave(AutoSaveThread.java:122) [AutoSaveWorld.jar:?]
	at autosaveworld.features.save.AutoSaveThread.doTask(AutoSaveThread.java:70) [AutoSaveWorld.jar:?]
	at autosaveworld.utils.Threads$IntervalTaskThread.run(Threads.java:103) [AutoSaveWorld.jar:?]
[12:28:06] [AutoSaveWorld AutoSaveThread/ERROR]: [AutoSaveWorld] Could not dump RegionFileCache
java.lang.RuntimeException: Can't find method saveLevel with params length 0
	at autosaveworld.utils.ReflectionUtils.getMethod(ReflectionUtils.java:49) ~[AutoSaveWorld.jar:?]
	at autosaveworld.features.save.AutoSaveThread.dumpRegionCache(AutoSaveThread.java:135) [AutoSaveWorld.jar:?]
	at autosaveworld.features.save.AutoSaveThread.performSave(AutoSaveThread.java:122) [AutoSaveWorld.jar:?]
	at autosaveworld.features.save.AutoSaveThread.doTask(AutoSaveThread.java:70) [AutoSaveWorld.jar:?]
	at autosaveworld.utils.Threads$IntervalTaskThread.run(Threads.java:103) [AutoSaveWorld.jar:?]
[12:28:06] [AutoSaveWorld AutoSaveThread/ERROR]: [AutoSaveWorld] Could not dump RegionFileCache
java.lang.RuntimeException: Can't find method saveLevel with params length 0
	at autosaveworld.utils.ReflectionUtils.getMethod(ReflectionUtils.java:49) ~[AutoSaveWorld.jar:?]
	at autosaveworld.features.save.AutoSaveThread.dumpRegionCache(AutoSaveThread.java:135) [AutoSaveWorld.jar:?]
	at autosaveworld.features.save.AutoSaveThread.performSave(AutoSaveThread.java:122) [AutoSaveWorld.jar:?]
	at autosaveworld.features.save.AutoSaveThread.doTask(AutoSaveThread.java:70) [AutoSaveWorld.jar:?]
	at autosaveworld.utils.Threads$IntervalTaskThread.run(Threads.java:103) [AutoSaveWorld.jar:?]
[12:28:06] [AutoSaveWorld AutoSaveThread/INFO]: [0;34;1mAutoSave complete.[m
[12:28:24] [Server thread/INFO]: cameron_ issued server command: //copy
[12:28:30] [Server thread/INFO]: cameron_ issued server command: //rotate 270
[12:28:37] [Server thread/INFO]: cameron_ issued server command: //paste
[12:28:39] [Server thread/INFO]: cameron_ issued server command: //undo
[12:28:51] [Server thread/INFO]: cameron_ issued server command: //paste
[12:29:04] [Server thread/INFO]: cameron_ issued server command: //undo
[12:29:10] [Server thread/INFO]: cameron_ issued server command: //paste
[12:29:15] [Server thread/INFO]: cameron_ issued server command: //undo
[12:29:22] [Server thread/INFO]: cameron_ issued server command: //paste
[12:29:29] [Server thread/INFO]: cameron_ issued server command: //undo
[12:29:32] [Server thread/INFO]: cameron_ issued server command: //paste
[12:29:57] [Server thread/INFO]: cameron_ issued server command: //set bricks
[12:30:00] [Server thread/INFO]: cameron_ issued server command: //set bricks
[12:30:07] [Server thread/INFO]: cameron_ issued server command: //set bricks
[12:30:10] [Server thread/INFO]: cameron_ issued server command: //set bricks
[12:30:32] [Server thread/INFO]: cameron_ issued server command: /give cameron 109
[12:30:57] [Server thread/INFO]: cameron_ issued server command: //set 98
[12:33:07] [Server thread/INFO]: cameron_ issued server command: //set 44:5
[12:33:44] [Server thread/INFO]: cameron_ issued server command: //set 44:5
[12:33:48] [Server thread/INFO]: cameron_ issued server command: //set 44:5
[12:35:08] [Server thread/INFO]: cameron_ issued server command: //set 44:5
[12:35:13] [Server thread/INFO]: cameron_ issued server command: //set 44:5
[12:35:19] [Server thread/INFO]: cameron_ issued server command: //set 0
[12:35:24] [Server thread/INFO]: cameron_ issued server command: //set 0
[12:35:38] [Server thread/INFO]: cameron_ issued server command: /give cameron 109
[12:36:27] [Server thread/INFO]: cameron_ issued server command: /time set 0
[12:37:39] [Server thread/INFO]: cameron_ issued server command: //replace spruce_fence 0
[12:37:43] [Server thread/INFO]: cameron_ issued server command: //set 0
[12:39:09] [Server thread/INFO]: cameron_ issued server command: /fix
[12:41:07] [Server thread/INFO]: cameron_ issued server command: //set cobble
[12:41:11] [Server thread/INFO]: cameron_ issued server command: //set cobblestone
[12:41:20] [Server thread/INFO]: cameron_ issued server command: //set cobblestone
[12:41:32] [Server thread/INFO]: cameron_ issued server command: //set cobblestone
[12:43:08] [AutoSaveWorld AutoSaveThread/INFO]: [0;34;1mAutoSaving, you may experience momentary issues.[m
[12:43:08] [AutoSaveWorld AutoSaveThread/ERROR]: [AutoSaveWorld] Could not dump RegionFileCache
java.lang.RuntimeException: Can't find method saveLevel with params length 0
	at autosaveworld.utils.ReflectionUtils.getMethod(ReflectionUtils.java:49) ~[AutoSaveWorld.jar:?]
	at autosaveworld.features.save.AutoSaveThread.dumpRegionCache(AutoSaveThread.java:135) [AutoSaveWorld.jar:?]
	at autosaveworld.features.save.AutoSaveThread.performSave(AutoSaveThread.java:122) [AutoSaveWorld.jar:?]
	at autosaveworld.features.save.AutoSaveThread.doTask(AutoSaveThread.java:70) [AutoSaveWorld.jar:?]
	at autosaveworld.utils.Threads$IntervalTaskThread.run(Threads.java:103) [AutoSaveWorld.jar:?]
[12:43:08] [AutoSaveWorld AutoSaveThread/ERROR]: [AutoSaveWorld] Could not dump RegionFileCache
java.lang.RuntimeException: Can't find method saveLevel with params length 0
	at autosaveworld.utils.ReflectionUtils.getMethod(ReflectionUtils.java:49) ~[AutoSaveWorld.jar:?]
	at autosaveworld.features.save.AutoSaveThread.dumpRegionCache(AutoSaveThread.java:135) [AutoSaveWorld.jar:?]
	at autosaveworld.features.save.AutoSaveThread.performSave(AutoSaveThread.java:122) [AutoSaveWorld.jar:?]
	at autosaveworld.features.save.AutoSaveThread.doTask(AutoSaveThread.java:70) [AutoSaveWorld.jar:?]
	at autosaveworld.utils.Threads$IntervalTaskThread.run(Threads.java:103) [AutoSaveWorld.jar:?]
[12:43:08] [AutoSaveWorld AutoSaveThread/ERROR]: [AutoSaveWorld] Could not dump RegionFileCache
java.lang.RuntimeException: Can't find method saveLevel with params length 0
	at autosaveworld.utils.ReflectionUtils.getMethod(ReflectionUtils.java:49) ~[AutoSaveWorld.jar:?]
	at autosaveworld.features.save.AutoSaveThread.dumpRegionCache(AutoSaveThread.java:135) [AutoSaveWorld.jar:?]
	at autosaveworld.features.save.AutoSaveThread.performSave(AutoSaveThread.java:122) [AutoSaveWorld.jar:?]
	at autosaveworld.features.save.AutoSaveThread.doTask(AutoSaveThread.java:70) [AutoSaveWorld.jar:?]
	at autosaveworld.utils.Threads$IntervalTaskThread.run(Threads.java:103) [AutoSaveWorld.jar:?]
[12:43:08] [AutoSaveWorld AutoSaveThread/INFO]: [0;34;1mAutoSave complete.[m
[12:44:21] [Server thread/INFO]: cameron_ issued server command: //set bricks
[12:44:30] [Server thread/INFO]: cameron_ issued server command: //set 44:5
[12:44:44] [Server thread/INFO]: cameron_ issued server command: /feed
[12:45:19] [Server thread/INFO]: cameron_ issued server command: //copy
[12:45:24] [Server thread/INFO]: cameron_ issued server command: //cut
[12:45:27] [Server thread/INFO]: cameron_ issued server command: //paste
[12:46:46] [Server thread/INFO]: cameron_ issued server command: //set bricks
[12:48:40] [Server thread/INFO]: cameron_ issued server command: //set 0
[12:48:54] [Server thread/INFO]: cameron_ issued server command: //set 0
[12:48:59] [Server thread/INFO]: cameron_ issued server command: //set 44:%
[12:49:01] [Server thread/INFO]: cameron_ issued server command: //set 44:5
[12:49:06] [Server thread/INFO]: cameron_ issued server command: //set 0
[12:49:35] [Server thread/INFO]: cameron_ issued server command: /time set 0
[12:49:37] [Server thread/INFO]: cameron_ issued server command: /time lock
[12:49:42] [Server thread/INFO]: cameron_ issued server command: /time add 2
[12:50:12] [Server thread/INFO]: cameron_ issued server command: //copy
[12:50:14] [Server thread/INFO]: cameron_ issued server command: //cuit
[12:50:16] [Server thread/INFO]: cameron_ issued server command: //cut
[12:50:27] [Server thread/INFO]: cameron_ issued server command: //paste
[12:50:39] [Server thread/INFO]: cameron_ issued server command: //undo
[12:50:40] [Server thread/INFO]: cameron_ issued server command: //paste
[12:50:50] [Server thread/INFO]: cameron_ issued server command: //set dirt
[12:51:10] [Server thread/INFO]: cameron_ issued server command: //set 44:5
[12:51:19] [Server thread/INFO]: cameron_ issued server command: //set 0
[12:51:24] [Server thread/INFO]: cameron_ issued server command: //set 0
[12:51:34] [Server thread/INFO]: cameron_ issued server command: //copy
[12:51:42] [Server thread/INFO]: cameron_ issued server command: //paste
[12:51:47] [Server thread/INFO]: cameron_ issued server command: //paste
[12:52:13] [Server thread/INFO]: cameron_ issued server command: /give cameron 109
[12:52:28] [Server thread/INFO]: cameron_ issued server command: //set 0
[12:55:39] [Server thread/INFO]: cameron_ issued server command: //paste
[12:55:43] [Server thread/INFO]: cameron_ issued server command: //undo
[12:56:05] [Server thread/INFO]: cameron_ issued server command: //coy
[12:56:07] [Server thread/INFO]: cameron_ issued server command: //copy
[12:56:12] [Server thread/INFO]: cameron_ issued server command: //paste
[12:56:21] [Server thread/INFO]: cameron_ issued server command: //set dirt
[12:58:11] [AutoSaveWorld AutoSaveThread/INFO]: [0;34;1mAutoSaving, you may experience momentary issues.[m
[12:58:11] [AutoSaveWorld AutoSaveThread/ERROR]: [AutoSaveWorld] Could not dump RegionFileCache
java.lang.RuntimeException: Can't find method saveLevel with params length 0
	at autosaveworld.utils.ReflectionUtils.getMethod(ReflectionUtils.java:49) ~[AutoSaveWorld.jar:?]
	at autosaveworld.features.save.AutoSaveThread.dumpRegionCache(AutoSaveThread.java:135) [AutoSaveWorld.jar:?]
	at autosaveworld.features.save.AutoSaveThread.performSave(AutoSaveThread.java:122) [AutoSaveWorld.jar:?]
	at autosaveworld.features.save.AutoSaveThread.doTask(AutoSaveThread.java:70) [AutoSaveWorld.jar:?]
	at autosaveworld.utils.Threads$IntervalTaskThread.run(Threads.java:103) [AutoSaveWorld.jar:?]
[12:58:11] [AutoSaveWorld AutoSaveThread/ERROR]: [AutoSaveWorld] Could not dump RegionFileCache
java.lang.RuntimeException: Can't find method saveLevel with params length 0
	at autosaveworld.utils.ReflectionUtils.getMethod(ReflectionUtils.java:49) ~[AutoSaveWorld.jar:?]
	at autosaveworld.features.save.AutoSaveThread.dumpRegionCache(AutoSaveThread.java:135) [AutoSaveWorld.jar:?]
	at autosaveworld.features.save.AutoSaveThread.performSave(AutoSaveThread.java:122) [AutoSaveWorld.jar:?]
	at autosaveworld.features.save.AutoSaveThread.doTask(AutoSaveThread.java:70) [AutoSaveWorld.jar:?]
	at autosaveworld.utils.Threads$IntervalTaskThread.run(Threads.java:103) [AutoSaveWorld.jar:?]
[12:58:11] [AutoSaveWorld AutoSaveThread/ERROR]: [AutoSaveWorld] Could not dump RegionFileCache
java.lang.RuntimeException: Can't find method saveLevel with params length 0
	at autosaveworld.utils.ReflectionUtils.getMethod(ReflectionUtils.java:49) ~[AutoSaveWorld.jar:?]
	at autosaveworld.features.save.AutoSaveThread.dumpRegionCache(AutoSaveThread.java:135) [AutoSaveWorld.jar:?]
	at autosaveworld.features.save.AutoSaveThread.performSave(AutoSaveThread.java:122) [AutoSaveWorld.jar:?]
	at autosaveworld.features.save.AutoSaveThread.doTask(AutoSaveThread.java:70) [AutoSaveWorld.jar:?]
	at autosaveworld.utils.Threads$IntervalTaskThread.run(Threads.java:103) [AutoSaveWorld.jar:?]
[12:58:11] [AutoSaveWorld AutoSaveThread/INFO]: [0;34;1mAutoSave complete.[m
[12:58:30] [Server thread/INFO]: cameron_ issued server command: //set 98
[12:58:52] [Server thread/INFO]: cameron_ issued server command: //set 44:5
[12:59:07] [Server thread/INFO]: cameron_ issued server command: /give camron 44:5
[12:59:10] [Server thread/INFO]: cameron_ issued server command: /give cameron 44:5
[13:01:38] [Server thread/INFO]: cameron_ lost connection: Disconnected
[13:01:39] [Server thread/INFO]: cameron_ left the game
[13:01:39] [Server thread/WARN]: [Essentials] Task #105 for Essentials v2.15.0.1 generated an exception
java.lang.NullPointerException: null
	at com.earth2me.essentials.xmpp.XMPPManager.updatePresence(XMPPManager.java:144) ~[?:?]
	at com.earth2me.essentials.xmpp.EssentialsXMPP.updatePresence(EssentialsXMPP.java:109) ~[?:?]
	at com.earth2me.essentials.xmpp.EssentialsXMPPPlayerListener$2.run(EssentialsXMPPPlayerListener.java:51) ~[?:?]
	at org.bukkit.craftbukkit.v1_13_R1.scheduler.CraftTask.run(CraftTask.java:58) ~[server.jar:git-Bukkit-1c7adf7]
	at org.bukkit.craftbukkit.v1_13_R1.scheduler.CraftScheduler.mainThreadHeartbeat(CraftScheduler.java:360) [server.jar:git-Bukkit-1c7adf7]
	at net.minecraft.server.v1_13_R1.MinecraftServer.w(MinecraftServer.java:821) [server.jar:git-Bukkit-1c7adf7]
	at net.minecraft.server.v1_13_R1.DedicatedServer.w(DedicatedServer.java:376) [server.jar:git-Bukkit-1c7adf7]
	at net.minecraft.server.v1_13_R1.MinecraftServer.v(MinecraftServer.java:780) [server.jar:git-Bukkit-1c7adf7]
	at net.minecraft.server.v1_13_R1.MinecraftServer.run(MinecraftServer.java:683) [server.jar:git-Bukkit-1c7adf7]
	at java.lang.Thread.run(Unknown Source) [?:1.8.0_144]
[13:13:13] [AutoSaveWorld AutoSaveThread/INFO]: [0;34;1mAutoSaving, you may experience momentary issues.[m
[13:13:13] [AutoSaveWorld AutoSaveThread/ERROR]: [AutoSaveWorld] Could not dump RegionFileCache
java.lang.RuntimeException: Can't find method saveLevel with params length 0
	at autosaveworld.utils.ReflectionUtils.getMethod(ReflectionUtils.java:49) ~[AutoSaveWorld.jar:?]
	at autosaveworld.features.save.AutoSaveThread.dumpRegionCache(AutoSaveThread.java:135) [AutoSaveWorld.jar:?]
	at autosaveworld.features.save.AutoSaveThread.performSave(AutoSaveThread.java:122) [AutoSaveWorld.jar:?]
	at autosaveworld.features.save.AutoSaveThread.doTask(AutoSaveThread.java:70) [AutoSaveWorld.jar:?]
	at autosaveworld.utils.Threads$IntervalTaskThread.run(Threads.java:103) [AutoSaveWorld.jar:?]
[13:13:13] [AutoSaveWorld AutoSaveThread/ERROR]: [AutoSaveWorld] Could not dump RegionFileCache
java.lang.RuntimeException: Can't find method saveLevel with params length 0
	at autosaveworld.utils.ReflectionUtils.getMethod(ReflectionUtils.java:49) ~[AutoSaveWorld.jar:?]
	at autosaveworld.features.save.AutoSaveThread.dumpRegionCache(AutoSaveThread.java:135) [AutoSaveWorld.jar:?]
	at autosaveworld.features.save.AutoSaveThread.performSave(AutoSaveThread.java:122) [AutoSaveWorld.jar:?]
	at autosaveworld.features.save.AutoSaveThread.doTask(AutoSaveThread.java:70) [AutoSaveWorld.jar:?]
	at autosaveworld.utils.Threads$IntervalTaskThread.run(Threads.java:103) [AutoSaveWorld.jar:?]
[13:13:13] [AutoSaveWorld AutoSaveThread/ERROR]: [AutoSaveWorld] Could not dump RegionFileCache
java.lang.RuntimeException: Can't find method saveLevel with params length 0
	at autosaveworld.utils.ReflectionUtils.getMethod(ReflectionUtils.java:49) ~[AutoSaveWorld.jar:?]
	at autosaveworld.features.save.AutoSaveThread.dumpRegionCache(AutoSaveThread.java:135) [AutoSaveWorld.jar:?]
	at autosaveworld.features.save.AutoSaveThread.performSave(AutoSaveThread.java:122) [AutoSaveWorld.jar:?]
	at autosaveworld.features.save.AutoSaveThread.doTask(AutoSaveThread.java:70) [AutoSaveWorld.jar:?]
	at autosaveworld.utils.Threads$IntervalTaskThread.run(Threads.java:103) [AutoSaveWorld.jar:?]
[13:13:13] [AutoSaveWorld AutoSaveThread/INFO]: [0;34;1mAutoSave complete.[m
[13:28:14] [AutoSaveWorld AutoSaveThread/INFO]: [0;34;1mAutoSaving, you may experience momentary issues.[m
[13:28:14] [AutoSaveWorld AutoSaveThread/ERROR]: [AutoSaveWorld] Could not dump RegionFileCache
java.lang.RuntimeException: Can't find method saveLevel with params length 0
	at autosaveworld.utils.ReflectionUtils.getMethod(ReflectionUtils.java:49) ~[AutoSaveWorld.jar:?]
	at autosaveworld.features.save.AutoSaveThread.dumpRegionCache(AutoSaveThread.java:135) [AutoSaveWorld.jar:?]
	at autosaveworld.features.save.AutoSaveThread.performSave(AutoSaveThread.java:122) [AutoSaveWorld.jar:?]
	at autosaveworld.features.save.AutoSaveThread.doTask(AutoSaveThread.java:70) [AutoSaveWorld.jar:?]
	at autosaveworld.utils.Threads$IntervalTaskThread.run(Threads.java:103) [AutoSaveWorld.jar:?]
[13:28:14] [AutoSaveWorld AutoSaveThread/ERROR]: [AutoSaveWorld] Could not dump RegionFileCache
java.lang.RuntimeException: Can't find method saveLevel with params length 0
	at autosaveworld.utils.ReflectionUtils.getMethod(ReflectionUtils.java:49) ~[AutoSaveWorld.jar:?]
	at autosaveworld.features.save.AutoSaveThread.dumpRegionCache(AutoSaveThread.java:135) [AutoSaveWorld.jar:?]
	at autosaveworld.features.save.AutoSaveThread.performSave(AutoSaveThread.java:122) [AutoSaveWorld.jar:?]
	at autosaveworld.features.save.AutoSaveThread.doTask(AutoSaveThread.java:70) [AutoSaveWorld.jar:?]
	at autosaveworld.utils.Threads$IntervalTaskThread.run(Threads.java:103) [AutoSaveWorld.jar:?]
[13:28:14] [AutoSaveWorld AutoSaveThread/ERROR]: [AutoSaveWorld] Could not dump RegionFileCache
java.lang.RuntimeException: Can't find method saveLevel with params length 0
	at autosaveworld.utils.ReflectionUtils.getMethod(ReflectionUtils.java:49) ~[AutoSaveWorld.jar:?]
	at autosaveworld.features.save.AutoSaveThread.dumpRegionCache(AutoSaveThread.java:135) [AutoSaveWorld.jar:?]
	at autosaveworld.features.save.AutoSaveThread.performSave(AutoSaveThread.java:122) [AutoSaveWorld.jar:?]
	at autosaveworld.features.save.AutoSaveThread.doTask(AutoSaveThread.java:70) [AutoSaveWorld.jar:?]
	at autosaveworld.utils.Threads$IntervalTaskThread.run(Threads.java:103) [AutoSaveWorld.jar:?]
[13:28:14] [AutoSaveWorld AutoSaveThread/INFO]: [0;34;1mAutoSave complete.[m
[13:43:16] [AutoSaveWorld AutoSaveThread/INFO]: [0;34;1mAutoSaving, you may experience momentary issues.[m
[13:43:16] [AutoSaveWorld AutoSaveThread/ERROR]: [AutoSaveWorld] Could not dump RegionFileCache
java.lang.RuntimeException: Can't find method saveLevel with params length 0
	at autosaveworld.utils.ReflectionUtils.getMethod(ReflectionUtils.java:49) ~[AutoSaveWorld.jar:?]
	at autosaveworld.features.save.AutoSaveThread.dumpRegionCache(AutoSaveThread.java:135) [AutoSaveWorld.jar:?]
	at autosaveworld.features.save.AutoSaveThread.performSave(AutoSaveThread.java:122) [AutoSaveWorld.jar:?]
	at autosaveworld.features.save.AutoSaveThread.doTask(AutoSaveThread.java:70) [AutoSaveWorld.jar:?]
	at autosaveworld.utils.Threads$IntervalTaskThread.run(Threads.java:103) [AutoSaveWorld.jar:?]
[13:43:16] [AutoSaveWorld AutoSaveThread/ERROR]: [AutoSaveWorld] Could not dump RegionFileCache
java.lang.RuntimeException: Can't find method saveLevel with params length 0
	at autosaveworld.utils.ReflectionUtils.getMethod(ReflectionUtils.java:49) ~[AutoSaveWorld.jar:?]
	at autosaveworld.features.save.AutoSaveThread.dumpRegionCache(AutoSaveThread.java:135) [AutoSaveWorld.jar:?]
	at autosaveworld.features.save.AutoSaveThread.performSave(AutoSaveThread.java:122) [AutoSaveWorld.jar:?]
	at autosaveworld.features.save.AutoSaveThread.doTask(AutoSaveThread.java:70) [AutoSaveWorld.jar:?]
	at autosaveworld.utils.Threads$IntervalTaskThread.run(Threads.java:103) [AutoSaveWorld.jar:?]
[13:43:16] [AutoSaveWorld AutoSaveThread/ERROR]: [AutoSaveWorld] Could not dump RegionFileCache
java.lang.RuntimeException: Can't find method saveLevel with params length 0
	at autosaveworld.utils.ReflectionUtils.getMethod(ReflectionUtils.java:49) ~[AutoSaveWorld.jar:?]
	at autosaveworld.features.save.AutoSaveThread.dumpRegionCache(AutoSaveThread.java:135) [AutoSaveWorld.jar:?]
	at autosaveworld.features.save.AutoSaveThread.performSave(AutoSaveThread.java:122) [AutoSaveWorld.jar:?]
	at autosaveworld.features.save.AutoSaveThread.doTask(AutoSaveThread.java:70) [AutoSaveWorld.jar:?]
	at autosaveworld.utils.Threads$IntervalTaskThread.run(Threads.java:103) [AutoSaveWorld.jar:?]
[13:43:16] [AutoSaveWorld AutoSaveThread/INFO]: [0;34;1mAutoSave complete.[m
[13:58:17] [AutoSaveWorld AutoSaveThread/INFO]: [0;34;1mAutoSaving, you may experience momentary issues.[m
[13:58:17] [AutoSaveWorld AutoSaveThread/ERROR]: [AutoSaveWorld] Could not dump RegionFileCache
java.lang.RuntimeException: Can't find method saveLevel with params length 0
	at autosaveworld.utils.ReflectionUtils.getMethod(ReflectionUtils.java:49) ~[AutoSaveWorld.jar:?]
	at autosaveworld.features.save.AutoSaveThread.dumpRegionCache(AutoSaveThread.java:135) [AutoSaveWorld.jar:?]
	at autosaveworld.features.save.AutoSaveThread.performSave(AutoSaveThread.java:122) [AutoSaveWorld.jar:?]
	at autosaveworld.features.save.AutoSaveThread.doTask(AutoSaveThread.java:70) [AutoSaveWorld.jar:?]
	at autosaveworld.utils.Threads$IntervalTaskThread.run(Threads.java:103) [AutoSaveWorld.jar:?]
[13:58:17] [AutoSaveWorld AutoSaveThread/ERROR]: [AutoSaveWorld] Could not dump RegionFileCache
java.lang.RuntimeException: Can't find method saveLevel with params length 0
	at autosaveworld.utils.ReflectionUtils.getMethod(ReflectionUtils.java:49) ~[AutoSaveWorld.jar:?]
	at autosaveworld.features.save.AutoSaveThread.dumpRegionCache(AutoSaveThread.java:135) [AutoSaveWorld.jar:?]
	at autosaveworld.features.save.AutoSaveThread.performSave(AutoSaveThread.java:122) [AutoSaveWorld.jar:?]
	at autosaveworld.features.save.AutoSaveThread.doTask(AutoSaveThread.java:70) [AutoSaveWorld.jar:?]
	at autosaveworld.utils.Threads$IntervalTaskThread.run(Threads.java:103) [AutoSaveWorld.jar:?]
[13:58:17] [AutoSaveWorld AutoSaveThread/ERROR]: [AutoSaveWorld] Could not dump RegionFileCache
java.lang.RuntimeException: Can't find method saveLevel with params length 0
	at autosaveworld.utils.ReflectionUtils.getMethod(ReflectionUtils.java:49) ~[AutoSaveWorld.jar:?]
	at autosaveworld.features.save.AutoSaveThread.dumpRegionCache(AutoSaveThread.java:135) [AutoSaveWorld.jar:?]
	at autosaveworld.features.save.AutoSaveThread.performSave(AutoSaveThread.java:122) [AutoSaveWorld.jar:?]
	at autosaveworld.features.save.AutoSaveThread.doTask(AutoSaveThread.java:70) [AutoSaveWorld.jar:?]
	at autosaveworld.utils.Threads$IntervalTaskThread.run(Threads.java:103) [AutoSaveWorld.jar:?]
[13:58:17] [AutoSaveWorld AutoSaveThread/INFO]: [0;34;1mAutoSave complete.[m
[14:13:19] [AutoSaveWorld AutoSaveThread/INFO]: [0;34;1mAutoSaving, you may experience momentary issues.[m
[14:13:19] [AutoSaveWorld AutoSaveThread/ERROR]: [AutoSaveWorld] Could not dump RegionFileCache
java.lang.RuntimeException: Can't find method saveLevel with params length 0
	at autosaveworld.utils.ReflectionUtils.getMethod(ReflectionUtils.java:49) ~[AutoSaveWorld.jar:?]
	at autosaveworld.features.save.AutoSaveThread.dumpRegionCache(AutoSaveThread.java:135) [AutoSaveWorld.jar:?]
	at autosaveworld.features.save.AutoSaveThread.performSave(AutoSaveThread.java:122) [AutoSaveWorld.jar:?]
	at autosaveworld.features.save.AutoSaveThread.doTask(AutoSaveThread.java:70) [AutoSaveWorld.jar:?]
	at autosaveworld.utils.Threads$IntervalTaskThread.run(Threads.java:103) [AutoSaveWorld.jar:?]
[14:13:19] [AutoSaveWorld AutoSaveThread/ERROR]: [AutoSaveWorld] Could not dump RegionFileCache
java.lang.RuntimeException: Can't find method saveLevel with params length 0
	at autosaveworld.utils.ReflectionUtils.getMethod(ReflectionUtils.java:49) ~[AutoSaveWorld.jar:?]
	at autosaveworld.features.save.AutoSaveThread.dumpRegionCache(AutoSaveThread.java:135) [AutoSaveWorld.jar:?]
	at autosaveworld.features.save.AutoSaveThread.performSave(AutoSaveThread.java:122) [AutoSaveWorld.jar:?]
	at autosaveworld.features.save.AutoSaveThread.doTask(AutoSaveThread.java:70) [AutoSaveWorld.jar:?]
	at autosaveworld.utils.Threads$IntervalTaskThread.run(Threads.java:103) [AutoSaveWorld.jar:?]
[14:13:19] [AutoSaveWorld AutoSaveThread/ERROR]: [AutoSaveWorld] Could not dump RegionFileCache
java.lang.RuntimeException: Can't find method saveLevel with params length 0
	at autosaveworld.utils.ReflectionUtils.getMethod(ReflectionUtils.java:49) ~[AutoSaveWorld.jar:?]
	at autosaveworld.features.save.AutoSaveThread.dumpRegionCache(AutoSaveThread.java:135) [AutoSaveWorld.jar:?]
	at autosaveworld.features.save.AutoSaveThread.performSave(AutoSaveThread.java:122) [AutoSaveWorld.jar:?]
	at autosaveworld.features.save.AutoSaveThread.doTask(AutoSaveThread.java:70) [AutoSaveWorld.jar:?]
	at autosaveworld.utils.Threads$IntervalTaskThread.run(Threads.java:103) [AutoSaveWorld.jar:?]
[14:13:19] [AutoSaveWorld AutoSaveThread/INFO]: [0;34;1mAutoSave complete.[m
[14:28:21] [AutoSaveWorld AutoSaveThread/INFO]: [0;34;1mAutoSaving, you may experience momentary issues.[m
[14:28:21] [AutoSaveWorld AutoSaveThread/ERROR]: [AutoSaveWorld] Could not dump RegionFileCache
java.lang.RuntimeException: Can't find method saveLevel with params length 0
	at autosaveworld.utils.ReflectionUtils.getMethod(ReflectionUtils.java:49) ~[AutoSaveWorld.jar:?]
	at autosaveworld.features.save.AutoSaveThread.dumpRegionCache(AutoSaveThread.java:135) [AutoSaveWorld.jar:?]
	at autosaveworld.features.save.AutoSaveThread.performSave(AutoSaveThread.java:122) [AutoSaveWorld.jar:?]
	at autosaveworld.features.save.AutoSaveThread.doTask(AutoSaveThread.java:70) [AutoSaveWorld.jar:?]
	at autosaveworld.utils.Threads$IntervalTaskThread.run(Threads.java:103) [AutoSaveWorld.jar:?]
[14:28:21] [AutoSaveWorld AutoSaveThread/ERROR]: [AutoSaveWorld] Could not dump RegionFileCache
java.lang.RuntimeException: Can't find method saveLevel with params length 0
	at autosaveworld.utils.ReflectionUtils.getMethod(ReflectionUtils.java:49) ~[AutoSaveWorld.jar:?]
	at autosaveworld.features.save.AutoSaveThread.dumpRegionCache(AutoSaveThread.java:135) [AutoSaveWorld.jar:?]
	at autosaveworld.features.save.AutoSaveThread.performSave(AutoSaveThread.java:122) [AutoSaveWorld.jar:?]
	at autosaveworld.features.save.AutoSaveThread.doTask(AutoSaveThread.java:70) [AutoSaveWorld.jar:?]
	at autosaveworld.utils.Threads$IntervalTaskThread.run(Threads.java:103) [AutoSaveWorld.jar:?]
[14:28:21] [AutoSaveWorld AutoSaveThread/ERROR]: [AutoSaveWorld] Could not dump RegionFileCache
java.lang.RuntimeException: Can't find method saveLevel with params length 0
	at autosaveworld.utils.ReflectionUtils.getMethod(ReflectionUtils.java:49) ~[AutoSaveWorld.jar:?]
	at autosaveworld.features.save.AutoSaveThread.dumpRegionCache(AutoSaveThread.java:135) [AutoSaveWorld.jar:?]
	at autosaveworld.features.save.AutoSaveThread.performSave(AutoSaveThread.java:122) [AutoSaveWorld.jar:?]
	at autosaveworld.features.save.AutoSaveThread.doTask(AutoSaveThread.java:70) [AutoSaveWorld.jar:?]
	at autosaveworld.utils.Threads$IntervalTaskThread.run(Threads.java:103) [AutoSaveWorld.jar:?]
[14:28:21] [AutoSaveWorld AutoSaveThread/INFO]: [0;34;1mAutoSave complete.[m
[14:43:22] [AutoSaveWorld AutoSaveThread/INFO]: [0;34;1mAutoSaving, you may experience momentary issues.[m
[14:43:22] [AutoSaveWorld AutoSaveThread/ERROR]: [AutoSaveWorld] Could not dump RegionFileCache
java.lang.RuntimeException: Can't find method saveLevel with params length 0
	at autosaveworld.utils.ReflectionUtils.getMethod(ReflectionUtils.java:49) ~[AutoSaveWorld.jar:?]
	at autosaveworld.features.save.AutoSaveThread.dumpRegionCache(AutoSaveThread.java:135) [AutoSaveWorld.jar:?]
	at autosaveworld.features.save.AutoSaveThread.performSave(AutoSaveThread.java:122) [AutoSaveWorld.jar:?]
	at autosaveworld.features.save.AutoSaveThread.doTask(AutoSaveThread.java:70) [AutoSaveWorld.jar:?]
	at autosaveworld.utils.Threads$IntervalTaskThread.run(Threads.java:103) [AutoSaveWorld.jar:?]
[14:43:22] [AutoSaveWorld AutoSaveThread/ERROR]: [AutoSaveWorld] Could not dump RegionFileCache
java.lang.RuntimeException: Can't find method saveLevel with params length 0
	at autosaveworld.utils.ReflectionUtils.getMethod(ReflectionUtils.java:49) ~[AutoSaveWorld.jar:?]
	at autosaveworld.features.save.AutoSaveThread.dumpRegionCache(AutoSaveThread.java:135) [AutoSaveWorld.jar:?]
	at autosaveworld.features.save.AutoSaveThread.performSave(AutoSaveThread.java:122) [AutoSaveWorld.jar:?]
	at autosaveworld.features.save.AutoSaveThread.doTask(AutoSaveThread.java:70) [AutoSaveWorld.jar:?]
	at autosaveworld.utils.Threads$IntervalTaskThread.run(Threads.java:103) [AutoSaveWorld.jar:?]
[14:43:22] [AutoSaveWorld AutoSaveThread/ERROR]: [AutoSaveWorld] Could not dump RegionFileCache
java.lang.RuntimeException: Can't find method saveLevel with params length 0
	at autosaveworld.utils.ReflectionUtils.getMethod(ReflectionUtils.java:49) ~[AutoSaveWorld.jar:?]
	at autosaveworld.features.save.AutoSaveThread.dumpRegionCache(AutoSaveThread.java:135) [AutoSaveWorld.jar:?]
	at autosaveworld.features.save.AutoSaveThread.performSave(AutoSaveThread.java:122) [AutoSaveWorld.jar:?]
	at autosaveworld.features.save.AutoSaveThread.doTask(AutoSaveThread.java:70) [AutoSaveWorld.jar:?]
	at autosaveworld.utils.Threads$IntervalTaskThread.run(Threads.java:103) [AutoSaveWorld.jar:?]
[14:43:22] [AutoSaveWorld AutoSaveThread/INFO]: [0;34;1mAutoSave complete.[m
[14:58:24] [AutoSaveWorld AutoSaveThread/INFO]: [0;34;1mAutoSaving, you may experience momentary issues.[m
[14:58:24] [AutoSaveWorld AutoSaveThread/ERROR]: [AutoSaveWorld] Could not dump RegionFileCache
java.lang.RuntimeException: Can't find method saveLevel with params length 0
	at autosaveworld.utils.ReflectionUtils.getMethod(ReflectionUtils.java:49) ~[AutoSaveWorld.jar:?]
	at autosaveworld.features.save.AutoSaveThread.dumpRegionCache(AutoSaveThread.java:135) [AutoSaveWorld.jar:?]
	at autosaveworld.features.save.AutoSaveThread.performSave(AutoSaveThread.java:122) [AutoSaveWorld.jar:?]
	at autosaveworld.features.save.AutoSaveThread.doTask(AutoSaveThread.java:70) [AutoSaveWorld.jar:?]
	at autosaveworld.utils.Threads$IntervalTaskThread.run(Threads.java:103) [AutoSaveWorld.jar:?]
[14:58:24] [AutoSaveWorld AutoSaveThread/ERROR]: [AutoSaveWorld] Could not dump RegionFileCache
java.lang.RuntimeException: Can't find method saveLevel with params length 0
	at autosaveworld.utils.ReflectionUtils.getMethod(ReflectionUtils.java:49) ~[AutoSaveWorld.jar:?]
	at autosaveworld.features.save.AutoSaveThread.dumpRegionCache(AutoSaveThread.java:135) [AutoSaveWorld.jar:?]
	at autosaveworld.features.save.AutoSaveThread.performSave(AutoSaveThread.java:122) [AutoSaveWorld.jar:?]
	at autosaveworld.features.save.AutoSaveThread.doTask(AutoSaveThread.java:70) [AutoSaveWorld.jar:?]
	at autosaveworld.utils.Threads$IntervalTaskThread.run(Threads.java:103) [AutoSaveWorld.jar:?]
[14:58:24] [AutoSaveWorld AutoSaveThread/ERROR]: [AutoSaveWorld] Could not dump RegionFileCache
java.lang.RuntimeException: Can't find method saveLevel with params length 0
	at autosaveworld.utils.ReflectionUtils.getMethod(ReflectionUtils.java:49) ~[AutoSaveWorld.jar:?]
	at autosaveworld.features.save.AutoSaveThread.dumpRegionCache(AutoSaveThread.java:135) [AutoSaveWorld.jar:?]
	at autosaveworld.features.save.AutoSaveThread.performSave(AutoSaveThread.java:122) [AutoSaveWorld.jar:?]
	at autosaveworld.features.save.AutoSaveThread.doTask(AutoSaveThread.java:70) [AutoSaveWorld.jar:?]
	at autosaveworld.utils.Threads$IntervalTaskThread.run(Threads.java:103) [AutoSaveWorld.jar:?]
[14:58:24] [AutoSaveWorld AutoSaveThread/INFO]: [0;34;1mAutoSave complete.[m
[15:13:25] [AutoSaveWorld AutoSaveThread/INFO]: [0;34;1mAutoSaving, you may experience momentary issues.[m
[15:13:26] [AutoSaveWorld AutoSaveThread/ERROR]: [AutoSaveWorld] Could not dump RegionFileCache
java.lang.RuntimeException: Can't find method saveLevel with params length 0
	at autosaveworld.utils.ReflectionUtils.getMethod(ReflectionUtils.java:49) ~[AutoSaveWorld.jar:?]
	at autosaveworld.features.save.AutoSaveThread.dumpRegionCache(AutoSaveThread.java:135) [AutoSaveWorld.jar:?]
	at autosaveworld.features.save.AutoSaveThread.performSave(AutoSaveThread.java:122) [AutoSaveWorld.jar:?]
	at autosaveworld.features.save.AutoSaveThread.doTask(AutoSaveThread.java:70) [AutoSaveWorld.jar:?]
	at autosaveworld.utils.Threads$IntervalTaskThread.run(Threads.java:103) [AutoSaveWorld.jar:?]
[15:13:26] [AutoSaveWorld AutoSaveThread/ERROR]: [AutoSaveWorld] Could not dump RegionFileCache
java.lang.RuntimeException: Can't find method saveLevel with params length 0
	at autosaveworld.utils.ReflectionUtils.getMethod(ReflectionUtils.java:49) ~[AutoSaveWorld.jar:?]
	at autosaveworld.features.save.AutoSaveThread.dumpRegionCache(AutoSaveThread.java:135) [AutoSaveWorld.jar:?]
	at autosaveworld.features.save.AutoSaveThread.performSave(AutoSaveThread.java:122) [AutoSaveWorld.jar:?]
	at autosaveworld.features.save.AutoSaveThread.doTask(AutoSaveThread.java:70) [AutoSaveWorld.jar:?]
	at autosaveworld.utils.Threads$IntervalTaskThread.run(Threads.java:103) [AutoSaveWorld.jar:?]
[15:13:26] [AutoSaveWorld AutoSaveThread/ERROR]: [AutoSaveWorld] Could not dump RegionFileCache
java.lang.RuntimeException: Can't find method saveLevel with params length 0
	at autosaveworld.utils.ReflectionUtils.getMethod(ReflectionUtils.java:49) ~[AutoSaveWorld.jar:?]
	at autosaveworld.features.save.AutoSaveThread.dumpRegionCache(AutoSaveThread.java:135) [AutoSaveWorld.jar:?]
	at autosaveworld.features.save.AutoSaveThread.performSave(AutoSaveThread.java:122) [AutoSaveWorld.jar:?]
	at autosaveworld.features.save.AutoSaveThread.doTask(AutoSaveThread.java:70) [AutoSaveWorld.jar:?]
	at autosaveworld.utils.Threads$IntervalTaskThread.run(Threads.java:103) [AutoSaveWorld.jar:?]
[15:13:26] [AutoSaveWorld AutoSaveThread/INFO]: [0;34;1mAutoSave complete.[m
[15:28:27] [AutoSaveWorld AutoSaveThread/INFO]: [0;34;1mAutoSaving, you may experience momentary issues.[m
[15:28:27] [AutoSaveWorld AutoSaveThread/ERROR]: [AutoSaveWorld] Could not dump RegionFileCache
java.lang.RuntimeException: Can't find method saveLevel with params length 0
	at autosaveworld.utils.ReflectionUtils.getMethod(ReflectionUtils.java:49) ~[AutoSaveWorld.jar:?]
	at autosaveworld.features.save.AutoSaveThread.dumpRegionCache(AutoSaveThread.java:135) [AutoSaveWorld.jar:?]
	at autosaveworld.features.save.AutoSaveThread.performSave(AutoSaveThread.java:122) [AutoSaveWorld.jar:?]
	at autosaveworld.features.save.AutoSaveThread.doTask(AutoSaveThread.java:70) [AutoSaveWorld.jar:?]
	at autosaveworld.utils.Threads$IntervalTaskThread.run(Threads.java:103) [AutoSaveWorld.jar:?]
[15:28:27] [AutoSaveWorld AutoSaveThread/ERROR]: [AutoSaveWorld] Could not dump RegionFileCache
java.lang.RuntimeException: Can't find method saveLevel with params length 0
	at autosaveworld.utils.ReflectionUtils.getMethod(ReflectionUtils.java:49) ~[AutoSaveWorld.jar:?]
	at autosaveworld.features.save.AutoSaveThread.dumpRegionCache(AutoSaveThread.java:135) [AutoSaveWorld.jar:?]
	at autosaveworld.features.save.AutoSaveThread.performSave(AutoSaveThread.java:122) [AutoSaveWorld.jar:?]
	at autosaveworld.features.save.AutoSaveThread.doTask(AutoSaveThread.java:70) [AutoSaveWorld.jar:?]
	at autosaveworld.utils.Threads$IntervalTaskThread.run(Threads.java:103) [AutoSaveWorld.jar:?]
[15:28:27] [AutoSaveWorld AutoSaveThread/ERROR]: [AutoSaveWorld] Could not dump RegionFileCache
java.lang.RuntimeException: Can't find method saveLevel with params length 0
	at autosaveworld.utils.ReflectionUtils.getMethod(ReflectionUtils.java:49) ~[AutoSaveWorld.jar:?]
	at autosaveworld.features.save.AutoSaveThread.dumpRegionCache(AutoSaveThread.java:135) [AutoSaveWorld.jar:?]
	at autosaveworld.features.save.AutoSaveThread.performSave(AutoSaveThread.java:122) [AutoSaveWorld.jar:?]
	at autosaveworld.features.save.AutoSaveThread.doTask(AutoSaveThread.java:70) [AutoSaveWorld.jar:?]
	at autosaveworld.utils.Threads$IntervalTaskThread.run(Threads.java:103) [AutoSaveWorld.jar:?]
[15:28:27] [AutoSaveWorld AutoSaveThread/INFO]: [0;34;1mAutoSave complete.[m
[15:43:29] [AutoSaveWorld AutoSaveThread/INFO]: [0;34;1mAutoSaving, you may experience momentary issues.[m
[15:43:29] [AutoSaveWorld AutoSaveThread/ERROR]: [AutoSaveWorld] Could not dump RegionFileCache
java.lang.RuntimeException: Can't find method saveLevel with params length 0
	at autosaveworld.utils.ReflectionUtils.getMethod(ReflectionUtils.java:49) ~[AutoSaveWorld.jar:?]
	at autosaveworld.features.save.AutoSaveThread.dumpRegionCache(AutoSaveThread.java:135) [AutoSaveWorld.jar:?]
	at autosaveworld.features.save.AutoSaveThread.performSave(AutoSaveThread.java:122) [AutoSaveWorld.jar:?]
	at autosaveworld.features.save.AutoSaveThread.doTask(AutoSaveThread.java:70) [AutoSaveWorld.jar:?]
	at autosaveworld.utils.Threads$IntervalTaskThread.run(Threads.java:103) [AutoSaveWorld.jar:?]
[15:43:29] [AutoSaveWorld AutoSaveThread/ERROR]: [AutoSaveWorld] Could not dump RegionFileCache
java.lang.RuntimeException: Can't find method saveLevel with params length 0
	at autosaveworld.utils.ReflectionUtils.getMethod(ReflectionUtils.java:49) ~[AutoSaveWorld.jar:?]
	at autosaveworld.features.save.AutoSaveThread.dumpRegionCache(AutoSaveThread.java:135) [AutoSaveWorld.jar:?]
	at autosaveworld.features.save.AutoSaveThread.performSave(AutoSaveThread.java:122) [AutoSaveWorld.jar:?]
	at autosaveworld.features.save.AutoSaveThread.doTask(AutoSaveThread.java:70) [AutoSaveWorld.jar:?]
	at autosaveworld.utils.Threads$IntervalTaskThread.run(Threads.java:103) [AutoSaveWorld.jar:?]
[15:43:29] [AutoSaveWorld AutoSaveThread/ERROR]: [AutoSaveWorld] Could not dump RegionFileCache
java.lang.RuntimeException: Can't find method saveLevel with params length 0
	at autosaveworld.utils.ReflectionUtils.getMethod(ReflectionUtils.java:49) ~[AutoSaveWorld.jar:?]
	at autosaveworld.features.save.AutoSaveThread.dumpRegionCache(AutoSaveThread.java:135) [AutoSaveWorld.jar:?]
	at autosaveworld.features.save.AutoSaveThread.performSave(AutoSaveThread.java:122) [AutoSaveWorld.jar:?]
	at autosaveworld.features.save.AutoSaveThread.doTask(AutoSaveThread.java:70) [AutoSaveWorld.jar:?]
	at autosaveworld.utils.Threads$IntervalTaskThread.run(Threads.java:103) [AutoSaveWorld.jar:?]
[15:43:29] [AutoSaveWorld AutoSaveThread/INFO]: [0;34;1mAutoSave complete.[m
[15:58:30] [AutoSaveWorld AutoSaveThread/INFO]: [0;34;1mAutoSaving, you may experience momentary issues.[m
[15:58:30] [AutoSaveWorld AutoSaveThread/ERROR]: [AutoSaveWorld] Could not dump RegionFileCache
java.lang.RuntimeException: Can't find method saveLevel with params length 0
	at autosaveworld.utils.ReflectionUtils.getMethod(ReflectionUtils.java:49) ~[AutoSaveWorld.jar:?]
	at autosaveworld.features.save.AutoSaveThread.dumpRegionCache(AutoSaveThread.java:135) [AutoSaveWorld.jar:?]
	at autosaveworld.features.save.AutoSaveThread.performSave(AutoSaveThread.java:122) [AutoSaveWorld.jar:?]
	at autosaveworld.features.save.AutoSaveThread.doTask(AutoSaveThread.java:70) [AutoSaveWorld.jar:?]
	at autosaveworld.utils.Threads$IntervalTaskThread.run(Threads.java:103) [AutoSaveWorld.jar:?]
[15:58:30] [AutoSaveWorld AutoSaveThread/ERROR]: [AutoSaveWorld] Could not dump RegionFileCache
java.lang.RuntimeException: Can't find method saveLevel with params length 0
	at autosaveworld.utils.ReflectionUtils.getMethod(ReflectionUtils.java:49) ~[AutoSaveWorld.jar:?]
	at autosaveworld.features.save.AutoSaveThread.dumpRegionCache(AutoSaveThread.java:135) [AutoSaveWorld.jar:?]
	at autosaveworld.features.save.AutoSaveThread.performSave(AutoSaveThread.java:122) [AutoSaveWorld.jar:?]
	at autosaveworld.features.save.AutoSaveThread.doTask(AutoSaveThread.java:70) [AutoSaveWorld.jar:?]
	at autosaveworld.utils.Threads$IntervalTaskThread.run(Threads.java:103) [AutoSaveWorld.jar:?]
[15:58:30] [AutoSaveWorld AutoSaveThread/ERROR]: [AutoSaveWorld] Could not dump RegionFileCache
java.lang.RuntimeException: Can't find method saveLevel with params length 0
	at autosaveworld.utils.ReflectionUtils.getMethod(ReflectionUtils.java:49) ~[AutoSaveWorld.jar:?]
	at autosaveworld.features.save.AutoSaveThread.dumpRegionCache(AutoSaveThread.java:135) [AutoSaveWorld.jar:?]
	at autosaveworld.features.save.AutoSaveThread.performSave(AutoSaveThread.java:122) [AutoSaveWorld.jar:?]
	at autosaveworld.features.save.AutoSaveThread.doTask(AutoSaveThread.java:70) [AutoSaveWorld.jar:?]
	at autosaveworld.utils.Threads$IntervalTaskThread.run(Threads.java:103) [AutoSaveWorld.jar:?]
[15:58:30] [AutoSaveWorld AutoSaveThread/INFO]: [0;34;1mAutoSave complete.[m
[16:13:32] [AutoSaveWorld AutoSaveThread/INFO]: [0;34;1mAutoSaving, you may experience momentary issues.[m
[16:13:32] [AutoSaveWorld AutoSaveThread/ERROR]: [AutoSaveWorld] Could not dump RegionFileCache
java.lang.RuntimeException: Can't find method saveLevel with params length 0
	at autosaveworld.utils.ReflectionUtils.getMethod(ReflectionUtils.java:49) ~[AutoSaveWorld.jar:?]
	at autosaveworld.features.save.AutoSaveThread.dumpRegionCache(AutoSaveThread.java:135) [AutoSaveWorld.jar:?]
	at autosaveworld.features.save.AutoSaveThread.performSave(AutoSaveThread.java:122) [AutoSaveWorld.jar:?]
	at autosaveworld.features.save.AutoSaveThread.doTask(AutoSaveThread.java:70) [AutoSaveWorld.jar:?]
	at autosaveworld.utils.Threads$IntervalTaskThread.run(Threads.java:103) [AutoSaveWorld.jar:?]
[16:13:32] [AutoSaveWorld AutoSaveThread/ERROR]: [AutoSaveWorld] Could not dump RegionFileCache
java.lang.RuntimeException: Can't find method saveLevel with params length 0
	at autosaveworld.utils.ReflectionUtils.getMethod(ReflectionUtils.java:49) ~[AutoSaveWorld.jar:?]
	at autosaveworld.features.save.AutoSaveThread.dumpRegionCache(AutoSaveThread.java:135) [AutoSaveWorld.jar:?]
	at autosaveworld.features.save.AutoSaveThread.performSave(AutoSaveThread.java:122) [AutoSaveWorld.jar:?]
	at autosaveworld.features.save.AutoSaveThread.doTask(AutoSaveThread.java:70) [AutoSaveWorld.jar:?]
	at autosaveworld.utils.Threads$IntervalTaskThread.run(Threads.java:103) [AutoSaveWorld.jar:?]
[16:13:32] [AutoSaveWorld AutoSaveThread/ERROR]: [AutoSaveWorld] Could not dump RegionFileCache
java.lang.RuntimeException: Can't find method saveLevel with params length 0
	at autosaveworld.utils.ReflectionUtils.getMethod(ReflectionUtils.java:49) ~[AutoSaveWorld.jar:?]
	at autosaveworld.features.save.AutoSaveThread.dumpRegionCache(AutoSaveThread.java:135) [AutoSaveWorld.jar:?]
	at autosaveworld.features.save.AutoSaveThread.performSave(AutoSaveThread.java:122) [AutoSaveWorld.jar:?]
	at autosaveworld.features.save.AutoSaveThread.doTask(AutoSaveThread.java:70) [AutoSaveWorld.jar:?]
	at autosaveworld.utils.Threads$IntervalTaskThread.run(Threads.java:103) [AutoSaveWorld.jar:?]
[16:13:32] [AutoSaveWorld AutoSaveThread/INFO]: [0;34;1mAutoSave complete.[m
